[19:44:21]     ======================================================================
[19:44:21]     STEP 096: Balmer Absorption Target List for JWST Proposals
[19:44:21]     ======================================================================
[19:44:21]     Loaded 2315 galaxies
[19:44:21]     High-z sample (z > 7): 504 galaxies
[19:44:21]     
Top 20 Priority Targets for NIRSpec Balmer Absorption:
[19:44:21]     ----------------------------------------------------------------------
[19:44:21]       #1: z=8.53, Gamma_t=0.17, Delta_EW=1.2Å, t_int=5.0h
[19:44:21]       #2: z=7.71, Gamma_t=0.18, Delta_EW=1.1Å, t_int=5.0h
[19:44:21]       #3: z=8.19, Gamma_t=0.21, Delta_EW=1.1Å, t_int=5.0h
[19:44:21]       #4: z=9.05, Gamma_t=0.33, Delta_EW=0.9Å, t_int=5.0h
[19:44:21]       #5: z=8.42, Gamma_t=0.15, Delta_EW=1.3Å, t_int=5.0h
[19:44:21]       #6: z=8.78, Gamma_t=0.29, Delta_EW=0.9Å, t_int=5.0h
[19:44:21]       #7: z=8.99, Gamma_t=0.15, Delta_EW=1.4Å, t_int=5.0h
[19:44:21]       #8: z=8.08, Gamma_t=0.22, Delta_EW=1.0Å, t_int=5.0h
[19:44:21]       #9: z=9.55, Gamma_t=0.13, Delta_EW=1.7Å, t_int=5.0h
[19:44:21]       #10: z=9.21, Gamma_t=0.34, Delta_EW=0.8Å, t_int=5.0h
[19:44:21]       #11: z=7.71, Gamma_t=0.19, Delta_EW=1.0Å, t_int=5.0h
[19:44:21]       #12: z=9.75, Gamma_t=0.15, Delta_EW=1.6Å, t_int=5.0h
[19:44:21]       #13: z=9.23, Gamma_t=0.34, Delta_EW=0.8Å, t_int=5.0h
[19:44:21]       #14: z=8.22, Gamma_t=0.16, Delta_EW=1.2Å, t_int=5.0h
[19:44:21]       #15: z=9.33, Gamma_t=0.14, Delta_EW=1.6Å, t_int=5.0h
[19:44:21]       #16: z=8.54, Gamma_t=0.15, Delta_EW=1.4Å, t_int=5.0h
[19:44:21]       #17: z=7.99, Gamma_t=0.22, Delta_EW=1.0Å, t_int=5.0h
[19:44:21]       #18: z=9.87, Gamma_t=5.19, Delta_EW=-1.4Å, t_int=5.0h
[19:44:21]       #19: z=8.65, Gamma_t=0.15, Delta_EW=1.4Å, t_int=5.0h
[19:44:21]       #20: z=8.17, Gamma_t=0.17, Delta_EW=1.2Å, t_int=5.0h
[19:44:21]     
Summary:
[19:44:21]       Total targets: 20
[19:44:21]       Redshift range: [np.float64(7.71), np.float64(9.87)]
[19:44:21]       Gamma_t range: [np.float64(0.13), np.float64(5.188)]
[19:44:21]       Mean predicted Delta EW: 1.06 Å
[19:44:21]       Total integration time: 100.0 hours
[19:44:21]     
Results saved to /Users/matthewsmawfield/www/TEP-JWST/results/outputs/step_096_balmer_target_list.json
[19:44:22]     Figure saved to /Users/matthewsmawfield/www/TEP-JWST/results/figures/figure_096_balmer_target_list.png
[19:44:22]     
Step 096 complete.
