[19:44:22]     ======================================================================
[19:44:22]     STEP 097: TEP Money Plot - Predictions vs Observations
[19:44:22]     ======================================================================
[19:44:22]     
Compiling 12 prediction-observation pairs:
[19:44:22]       ✓ UNCOVER z>8 dust: pred=0.30, obs=0.28±0.08, pull=-0.2σ
[19:44:22]       ✓ CEERS z>8 dust: pred=0.30, obs=0.25±0.12, pull=-0.4σ
[19:44:22]       ✓ COSMOS-Web z>8 dust: pred=0.30, obs=0.22±0.10, pull=-0.8σ
[19:44:22]       ✓ z>7 sSFR inversion: pred=0.25, obs=0.25±0.10, pull=0.0σ
[19:44:22]       ✓ Core screening gradient: pred=-0.20, obs=-0.18±0.05, pull=0.4σ
[19:44:22]       ✓ Environmental screening: pred=0.25, obs=0.25±0.08, pull=0.0σ
[19:44:22]       ✓ SN Ia mass step: pred=0.05, obs=0.06±0.02, pull=0.5σ
[19:44:22]       ✓ TRGB-Cepheid offset: pred=0.05, obs=0.05±0.01, pull=0.3σ
[19:44:22]       ✓ Enhanced/suppressed dust ratio: pred=4.00, obs=4.30±0.50, pull=0.6σ
[19:44:22]       ✓ Enhanced/suppressed color ratio: pred=3.50, obs=3.90±0.40, pull=1.0σ
[19:44:22]       ✓ LRD BH growth boost: pred=3.00, obs=3.50±0.50, pull=1.0σ
[19:44:22]       ✓ Spec-z dust correlation: pred=0.30, obs=0.31±0.09, pull=0.1σ
[19:44:22]     
Summary Statistics:
[19:44:22]       Points within 2σ: 12/12 (100%)
[19:44:22]       Total χ² = 3.7
[19:44:22]       Reduced χ²/dof = 0.31
[19:44:22]       Prediction-Observation correlation: r = 0.999
[19:44:22]     
Results saved to /Users/matthewsmawfield/www/TEP-JWST/results/outputs/step_097_money_plot.json
[19:44:23]     Figure saved to /Users/matthewsmawfield/www/TEP-JWST/results/figures/figure_097_money_plot.png
[19:44:23]     Panel figure saved to /Users/matthewsmawfield/www/TEP-JWST/results/figures/figure_097_money_plot_panels.png
[19:44:23]     
Step 097 complete.
