[10:02:09]     ======================================================================
[10:02:09]     STEP 048: Advanced Diagnostics
[10:02:09]     ======================================================================
[10:02:09]     
Loaded N = 2315 galaxies
[10:02:09]     
============================================================
[10:02:09]     TEST 1: Stellar-to-Halo Mass Ratio
[10:02:09]     ============================================================
[10:02:09]     N = 2315
[10:02:09]     ρ(Γ_t, SMHM_resid|M_h) = -0.759 (p = 0.00e+00)
[10:02:09]     
============================================================
[10:02:09]     TEST 2: Formation Epoch Proxy
[10:02:09]     ============================================================
[10:02:09]     z = 4-6: N = 1439, ρ(Γ_t, age_ratio) = 0.197 (p = 4.59e-14)
[10:02:09]     z = 6-8: N = 593, ρ(Γ_t, age_ratio) = -0.108 (p = 8.43e-03)
[10:02:09]     z = 8-12: N = 283, ρ(Γ_t, age_ratio) = -0.034 (p = 5.70e-01)
[10:02:09]     Overall: ρ(Γ_t, age_ratio) = -0.006 (p = 7.72e-01)
[10:02:09]     
============================================================
[10:02:09]     TEST 3: Star Formation Efficiency
[10:02:09]     ============================================================
[10:02:09]     N = 2315
[10:02:09]     ρ(Γ_t, log SFE) = -0.378 (p = 2.35e-79)
[10:02:09]     
============================================================
[10:02:09]     TEST 4: UV Slope (Beta) Proxy
[10:02:09]     ============================================================
[10:02:09]     
============================================================
[10:02:09]     TEST 5: Dust-to-Age Ratio
[10:02:09]     ============================================================
[10:02:09]     N = 2315
[10:02:09]     ρ(Γ_t, log(A_V/Age)) = -0.453 (p = 1.94e-117)
[10:02:09]     
============================================================
[10:02:09]     TEST 6: Redshift Gradient at Fixed Mass
[10:02:09]     ============================================================
[10:02:09]     Mass bin 8.5-9.0: N = 526
[10:02:09]       ρ(z, Dust) = 0.473 (p = 1.13e-30)
[10:02:09]       ρ(Γ_t, Dust) = -0.470 (p = 3.32e-30)
[10:02:09]     Mass bin 9.0-9.5: N = 190
[10:02:09]       ρ(z, Dust) = 0.211 (p = 3.45e-03)
[10:02:09]       ρ(Γ_t, Dust) = -0.145 (p = 4.59e-02)
[10:02:09]     
============================================================
[10:02:09]     TEST 7: Outlier Population Analysis
[10:02:09]     ============================================================
[10:02:09]     
============================================================
[10:02:09]     TEST 8: Halo Mass Dependence of TEP Effect
[10:02:09]     ============================================================
[10:02:09]     At z > 7:
[10:02:09]       Massive halos (log M_h > 9.8): N = 252, ρ = 0.054 (p = 3.94e-01)
[10:02:09]       Low-mass halos: N = 252, ρ = 0.186 (p = 3.05e-03)
[10:02:09]     
============================================================
[10:02:09]     TEST 9: Consistency Across Redshift Bins
[10:02:09]     ============================================================
[10:02:09]     z = 4-5: N = 942, ρ = 0.021 (p = 5.14e-01) ✗
[10:02:09]     z = 5-6: N = 497, ρ = -0.151 (p = 7.32e-04) ✓
[10:02:09]     z = 6-7: N = 372, ρ = -0.016 (p = 7.55e-01) ✗
[10:02:09]     z = 7-8: N = 221, ρ = 0.003 (p = 9.65e-01) ✗
[10:02:09]     z = 8-10: N = 283, ρ = 0.471 (p = 4.72e-17) ✓
[10:02:09]     
Significant bins: 2/5
[10:02:09]     
======================================================================
[10:02:09]     SUMMARY: Strong Evidence Found
[10:02:09]     ======================================================================
[10:02:09]     
Strong evidence items: 0
[10:02:09]     
Saved to /Users/matthewsmawfield/www/Temporal Equivalence Principle/TEP-JWST/results/outputs/step_048_advanced_diagnostics.json
