[17:05:14]     =================================================================
[17:05:14]     Step 174: Stellar Mass Function — Mass Threshold Counts
[17:05:14]     =================================================================
[17:05:14] Loading three-survey data...
[17:05:14]   UNCOVER: loaded 2315 galaxies
[17:05:14]   CEERS: loaded 3224 galaxies (z=4-12)
[17:05:14]   COSMOS-Web: loaded 41120 galaxies (z=4-12)
[17:05:14] Total: 46659 galaxies across 3 surveys
[17:05:14]   z=[7,8), logM*>10.0: N_obs=119, N_corr=17, reduction=86%
[17:05:14]   z=[7,8), logM*>10.5: N_obs=41, N_corr=1, reduction=98%
[17:05:14]   z=[8,9), logM*>10.0: N_obs=113, N_corr=7, reduction=94%
[17:05:14]   z=[8,9), logM*>10.5: N_obs=34, N_corr=0, reduction=100%
[17:05:14]   z=[9,10), logM*>10.0: N_obs=54, N_corr=0, reduction=100%
[17:05:14]   z=[9,10), logM*>10.5: N_obs=17, N_corr=0, reduction=100%
[17:05:14]     
Table 15 (n_ml = 0.7):
[17:05:14]     Redshift     Threshold     N_obs  N_corr  Reduction
[17:05:14]     z=7-8        logM*>10.0      119      17        86%
[17:05:14]     z=7-8        logM*>10.5       41       1        98%
[17:05:14]     z=8-9        logM*>10.0      113       7        94%
[17:05:14]     z=8-9        logM*>10.5       34       0       100%
[17:05:14]     z=9-10       logM*>10.0       54       0       100%
[17:05:14]     z=9-10       logM*>10.5       17       0       100%
[17:05:14] Results written to /Users/matthewsmawfield/www/TEP-JWST/results/outputs/step_174_smf_mass_threshold_counts.json
[17:05:14]     Step 174 complete.
