[10:01:18]     ============================================================
[10:01:18]     STEP 03: Thread 1 - z > 7 Mass-sSFR Inversion
[10:01:18]     ============================================================
[10:01:18] 
[10:01:18]     Loaded sample: N = 2315
[10:01:18] 
[10:01:18]     Low-z sample (4 < z < 6): N = 1439
[10:01:18]     High-z sample (7 < z < 10): N = 504
[10:01:18] 
[10:01:18]     Results:
[10:01:18]     ----------------------------------------
[10:01:18]     Low-z (4-6):  rho = -0.163 [-0.212, -0.112]
[10:01:18]     High-z (7-10): rho = 0.087 [-0.010, 0.181]
[10:01:18] 
[10:01:18]     Delta rho = 0.250 [0.144, 0.351]
[10:01:18] 
[10:01:18]     95% CI excludes zero: True
[10:01:18] ✓   STATISTICALLY SIGNIFICANT: True
[10:01:18] 
[10:01:18]     INTERPRETATION:
[10:01:18]       The mass-sSFR correlation INVERTS at z > 7.
[10:01:18]       This is inconsistent with standard downsizing predictions.
[10:01:18]       TEP PREDICTS this inversion when chronological enhancement dominates.
[10:01:18] 
[10:01:18]     Results saved to: /Users/matthewsmawfield/www/Temporal Equivalence Principle/TEP-JWST/results/outputs/step_004_thread1_z7_inversion.json
[10:01:18] 
[10:01:18] ✓   Step 004 complete.
