[16:58:54]     ======================================================================
[16:58:54]     STEP 044: Metallicity-Age Decoupling Test
[16:58:54]     ======================================================================
[16:58:54] 
[16:58:54]     TEP Prediction: High-Gamma_t galaxies are OLD but not METAL-RICH
[16:58:54]     Standard Physics: Age and metallicity should track together
[16:58:54]     
Loaded N = 2315 galaxies
[16:58:54]     Valid sample: N = 2315
[16:58:54]     
==================================================
[16:58:54]     TEST 1: Raw Correlations
[16:58:54]     ==================================================
[16:58:54]     
ρ(Γ_t, Age) = 0.383 (p = 1.21e-81)
[16:58:54]     ρ(Γ_t, Met) = -0.075 (p = 3.08e-04)
[16:58:54]     ρ(Age, Met) = 0.116 (p = 2.17e-08)
[16:58:54]     
==================================================
[16:58:54]     TEST 2: Decoupling at Fixed Mass
[16:58:54]     ==================================================
[16:58:54]     
At fixed mass:
[16:58:54]       ρ(Γ_t, Age_resid) = 0.306 (p = 2.97e-51)
[16:58:54]       ρ(Γ_t, Met_resid) = -0.119 (p = 1.04e-08)
[16:58:54]     
  Decoupling Ratio: |ρ_age| / |ρ_met| = 2.58
[16:58:54]       → DECOUPLING DETECTED: Age responds to Γ_t more than metallicity
[16:58:54]     
==================================================
[16:58:54]     TEST 3: High-z Regime (z > 7)
[16:58:54]     ==================================================
[16:58:54]     High-z sample: N = 504
[16:58:54]     
High Γ_t vs Low Γ_t at z > 7:
[16:58:54]       Age difference: 0.000 Gyr (high - low)
[16:58:54]       Met difference: 0.012 dex (high - low)
[16:58:54]     
  Normalized differences:
[16:58:54]         Age: 0.01σ
[16:58:54]         Met: 0.03σ
[16:58:54]       → No high-z decoupling
[16:58:54]     
==================================================
[16:58:54]     TEST 4: Age-Met Relation by Γ_t Regime
[16:58:54]     ==================================================
[16:58:54]     Enhanced (Γ_t > 1): N = 202
[16:58:54]     Suppressed (Γ_t < 1): N = 2113
[16:58:54]     
Age-Met correlation:
[16:58:54]       Enhanced: ρ = 0.262 (p = 1.70e-04)
[16:58:54]       Suppressed: ρ = 0.097 (p = 8.68e-06)
[16:58:54]       → No regime difference
[16:58:54]     
======================================================================
[16:58:54]     SUMMARY: Metallicity-Age Decoupling
[16:58:54]     ======================================================================
[16:58:54]     
Tests passed: 1/3
[16:58:54]     
⚠ PARTIAL EVIDENCE for decoupling
[16:58:54]     
Saved to /Users/matthewsmawfield/www/TEP-JWST/results/outputs/step_044_metallicity_age_decoupling.json
