[16:58:37] ======================================================================
[16:58:37] TEP-JWST Step 026: Prediction-Observation Alignment
[16:58:37] ======================================================================
[16:58:37] 
[16:58:37] Loading data...
[16:58:37] ======================================================================
[16:58:37] TEST 1: Convergence Test
[16:58:37] ======================================================================
[16:58:37] Method 1 (scatter min): α = 0.100
[16:58:37] Method 2 (corr max): α = 3.000
[16:58:37] Calibrated: α = 0.580
[16:58:37] 
Convergence: CV = 1.035
[16:58:37] ======================================================================
[16:58:37] TEST 2: null model Test
[16:58:37] ======================================================================
[16:58:37] Individual p-values:
[16:58:37]   t_eff: p = 0.00e+00
[16:58:37]   scatter: p = 3.70e-02
[16:58:37]   anomalous: p = 3.34e-34
[16:58:37] 
Fisher's combined: χ² = 1542.3, p = 1.00e-300
[16:58:37] Equivalent: 37.1σ
[16:58:37] ✓ null model disrupted
[16:58:37] ======================================================================
[16:58:37] TEST 3: Prediction-Observation Alignment
[16:58:37] ======================================================================
[16:58:37] Raw: ρ(M*, age_ratio) = 0.1142, p = 3.60e-08
[16:58:37] Corrected: ρ(M*, age_ratio_corr) = -0.6432, p = 1.89e-270
[16:58:37] 
Improvement: Δ|ρ| = -0.5290
[16:58:37] Scatter reduction: -295.7%
[16:58:37] log(M*) = [8, 9): raw = 0.1567, corr = 0.4130
[16:58:37] log(M*) = [9, 10): raw = 0.1882, corr = 0.1477
[16:58:37] 
⚠ TEP correction does not fully remove mass dependence
[16:58:37] 
[16:58:37] ======================================================================
[16:58:37] SUMMARY
[16:58:37] ======================================================================
[16:58:37] ✓ Statistical significance: Combined p < 0.05
[16:58:37] 
Tests passed: 1/3
[16:58:37] 
Results saved to: /Users/matthewsmawfield/www/TEP-JWST/results/outputs/step_026_prediction_alignment.json
