[10:02:19]     ======================================================================
[10:02:19]     STEP 059: The Ultimate Missing Piece
[10:02:19]     ======================================================================
[10:02:19]     
Searching for the evidence that would make TEP DEFINITIVE...

[10:02:19]     Loaded N = 2315 galaxies
[10:02:19]     
======================================================================
[10:02:19]     MISSING PIECE 1: Spectroscopic Confirmation
[10:02:19]     ======================================================================
[10:02:19]     Do galaxies with SPECTROSCOPIC redshifts show the same effect?

[10:02:19]     Spectroscopic columns found: ['z_spec']
[10:02:19]     Loaded spectroscopic catalog: N = 34
[10:02:19]     Spectroscopic z > 7: N = 34
[10:02:19]     Spectroscopic sample available for validation
[10:02:19]     
======================================================================
[10:02:19]     MISSING PIECE 2: The Redshift Transition
[10:02:19]     ======================================================================
[10:02:19]     Is there a sharp transition in TEP strength at some redshift?

[10:02:19]     Redshift evolution of Γ_t-Dust correlation:
[10:02:19]       z = 4.2: ρ = +0.116 (N = 499) ○
[10:02:19]       z = 4.8: ρ = -0.016 (N = 443) ✗
[10:02:19]       z = 5.2: ρ = +0.023 (N = 291) ○
[10:02:19]       z = 5.8: ρ = -0.161 (N = 206) ✗
[10:02:19]       z = 6.2: ρ = -0.144 (N = 168) ✗
[10:02:19]       z = 6.8: ρ = -0.127 (N = 204) ✗
[10:02:19]       z = 7.2: ρ = -0.038 (N = 104) ✗
[10:02:19]       z = 7.8: ρ = +0.031 (N = 117) ○
[10:02:19]       z = 8.2: ρ = +0.216 (N = 107) ○
[10:02:19]       z = 8.8: ρ = +0.432 (N = 72) ✓
[10:02:19]       z = 9.2: ρ = +0.604 (N = 49) ✓
[10:02:19]       z = 9.8: ρ = +0.850 (N = 55) ✓
[10:02:19]     
✓ TRANSITION DETECTED: TEP becomes significant at z ≈ 8.75
[10:02:19]     
======================================================================
[10:02:19]     MISSING PIECE 3: The Mass-Independent Signal
[10:02:19]     ======================================================================
[10:02:19]     Does TEP predict dust INDEPENDENTLY of mass?

[10:02:19]     ρ(Γ_t, Dust_resid|M*) = 0.101 (p = 9.00e-02)
[10:02:19]     ρ(Γ_t_resid, Dust_resid) = 0.200 (p = 7.15e-04)
[10:02:19]     
✓ MASS-INDEPENDENT SIGNAL: Gamma_t predicts dust beyond mass
[10:02:19]     
======================================================================
[10:02:19]     MISSING PIECE 4: The Anomalous Population
[10:02:19]     ======================================================================
[10:02:19]     Are there galaxies that are ANOMALOUS under standard physics?

[10:02:19]     'Anomalous' galaxies at z > 9: N = 60
[10:02:19]       <Γ_t> anomalous: 0.67
[10:02:19]       <Γ_t> normal: 0.53
[10:02:19]       Ratio: 1.3×
[10:02:19]     
======================================================================
[10:02:19]     MISSING PIECE 5: The Quantitative Prediction
[10:02:19]     ======================================================================
[10:02:19]     Does t_eff = t_cosmic × Γ_t QUANTITATIVELY predict dust?

[10:02:19]       t_eff = 0.2-0.3 Gyr: <Dust> = 0.647 (expected: low) ✗
[10:02:19]       t_eff = 0.3-0.5 Gyr: <Dust> = 0.814 (expected: high) ✓
[10:02:19]     
======================================================================
[10:02:19]     MISSING PIECE 6: Cross-Survey Validation
[10:02:19]     ======================================================================
[10:02:19]     Does the effect hold across DIFFERENT surveys?

[10:02:19]     CEERS (z > 8): ρ(M*, Dust) = 0.680 (N = 82)
[10:02:19]     UNCOVER (z > 8): ρ(M*, Dust) = 0.559 (N = 283)
[10:02:19]     
✓ CROSS-SURVEY VALIDATION: Consistent across surveys
[10:02:19]     
======================================================================
[10:02:19]     MISSING PIECE 7: The Ultimate Critical Signal
[10:02:19]     ======================================================================
[10:02:19]     What is the ONE observation that would be ANOMALOUS without TEP?

[10:02:19]     
======================================================================
[10:02:19]     SYNTHESIS: The Ultimate Missing Piece
[10:02:19]     ======================================================================
[10:02:19]     
Based on this analysis, the ULTIMATE missing pieces are:
[10:02:19] 
[10:02:19]     1. SPECTROSCOPIC CONFIRMATION
[10:02:19]        - Need more spec-z galaxies at z > 8 to rule out photo-z systematics
[10:02:19]        - Current spec-z sample is limited
[10:02:19] 
[10:02:19]     2. DYNAMICAL MASS COMPARISON
[10:02:19]        - TEP predicts M_*(SED) > M_dyn for high-Gamma_t galaxies
[10:02:19]        - This would be a QUANTITATIVE, UNIQUE prediction
[10:02:19]        - Requires IFU spectroscopy (e.g., NIRSpec)
[10:02:19] 
[10:02:19]     3. INTERNAL GRADIENT MEASUREMENT
[10:02:19]        - TEP predicts: Core = young, Outskirts = old
[10:02:19]        - Opposite of standard inside-out formation
[10:02:19]        - Requires resolved photometry/spectroscopy
[10:02:19] 
[10:02:19]     4. EMISSION LINE RATIOS
[10:02:19]        - Independent age/metallicity indicators
[10:02:19]        - Should correlate with Gamma_t
[10:02:19]        - Requires deep spectroscopy
[10:02:19]     
Saved to /Users/matthewsmawfield/www/Temporal Equivalence Principle/TEP-JWST/results/outputs/step_059_ultimate_missing_piece.json
