[10:01:49]     ======================================================================
[10:01:49]     STEP 16: CHI-SQUARED AS TEP DIAGNOSTIC
[10:01:49]     ======================================================================
[10:01:49] 
[10:01:49]     Poor SED fits reveal isochrony violation.
[10:01:49]     
Sample size: N = 2315
[10:01:49]     
==================================================
[10:01:49]     TEST 1: χ² CORRELATION WITH Γ_t
[10:01:49]     ==================================================
[10:01:49]     
ρ(Γ_t, χ²) = 0.234 (p = 3.97e-30)
[10:01:49] 
[10:01:49]     Interpretation:
[10:01:49]       Positive correlation: Higher Γ_t → worse SED fit
[10:01:49]       This is predicted by TEP: isochrony assumption fails
[10:01:49]     
==================================================
[10:01:49]     TEST 2: χ² BY Γ_t REGIME
[10:01:49]     ==================================================
[10:01:49]     
Regime               N      <χ²>       median    
[10:01:49]     --------------------------------------------------
[10:01:49]     Neutral               2292        41.9       12.9
[10:01:49]     Enhanced                19       121.7       50.2
[10:01:49]     
==================================================
[10:01:49]     TEST 3: STATISTICAL SIGNIFICANCE
[10:01:49]     ==================================================
[10:01:49]     
Enhanced vs Suppressed:
[10:01:49]       Mean χ² ratio: 2.79×
[10:01:49]       Mann-Whitney U: p = 1.58e-05
[10:01:49]     
======================================================================
[10:01:49]     SUMMARY
[10:01:49]     ======================================================================
[10:01:49] 
[10:01:49]     Standard SED fitting assumes isochrony: stellar clocks tick
[10:01:49]     at the cosmic rate everywhere. For high-Γ_t galaxies, this
[10:01:49]     assumption is violated.
[10:01:49] 
[10:01:49]     The result: Poor fits (high χ²).
[10:01:49] 
[10:01:49]     Enhanced regime has 2.8× higher χ² than suppressed.
[10:01:49]     This difference is highly significant (p = 1.58e-05).
[10:01:49] 
[10:01:49]     The poor fits are not noise—they are TEP.
[10:01:49]     This supports the TEP framework.
[10:01:49] 
[10:01:49]     Results saved to: /Users/matthewsmawfield/www/Temporal Equivalence Principle/TEP-JWST/results/outputs/step_028_chi2_diagnostic.json
[10:01:49] 
[10:01:49]     Step 028 complete.
