[10:02:07]     ======================================================================
[10:02:07]     STEP 046: Multi-Diagnostic Evidence Search
[10:02:07]     ======================================================================
[10:02:07]     
Loaded N = 2315 galaxies
[10:02:07]     
============================================================
[10:02:07]     DIAGNOSTIC 1: Burstiness (SFR10/SFR100)
[10:02:07]     ============================================================
[10:02:07]     N = 2315
[10:02:07]     ρ(Γ_t, Burstiness) = -0.294 (p = 2.98e-47)
[10:02:07]     ✓ STRONG: High-Γ_t galaxies are less bursty
[10:02:07]     
============================================================
[10:02:07]     DIAGNOSTIC 2: Dust Content at z > 8
[10:02:07]     ============================================================
[10:02:07]     N = 283
[10:02:07]     ρ(Γ_t, A_V) at z > 8 = 0.471 (p = 4.72e-17)
[10:02:07]     ρ(M*, A_V) at z > 8 = 0.559 (p = 1.05e-24)
[10:02:07]     ✓ STRONG: Dust correlates with Γ_t at z > 8
[10:02:07]     
============================================================
[10:02:07]     DIAGNOSTIC 3: χ² Evolution with Redshift
[10:02:07]     ============================================================
[10:02:07]     z = 4-5: N = 942, ρ = 0.141 (p = 1.32e-05)
[10:02:07]     z = 5-6: N = 497, ρ = 0.113 (p = 1.18e-02)
[10:02:07]     z = 6-7: N = 372, ρ = 0.116 (p = 2.55e-02)
[10:02:07]     z = 7-8: N = 221, ρ = 0.135 (p = 4.47e-02)
[10:02:07]     z = 8-10: N = 283, ρ = 0.022 (p = 7.18e-01)
[10:02:07]     
Trend: ρ(z, χ²-Γ_t correlation) = -0.600 (p = 0.285)
[10:02:07]     
============================================================
[10:02:07]     DIAGNOSTIC 4: Metallicity at Fixed Mass
[10:02:07]     ============================================================
[10:02:07]     N = 2315
[10:02:07]     ρ(Γ_t, Met_resid|M*) = -0.160 (p = 8.05e-15)
[10:02:07]     ⚠ Negative correlation (unexpected but interesting)
[10:02:07]     
============================================================
[10:02:07]     DIAGNOSTIC 5: Extreme Age Ratios
[10:02:07]     ============================================================
[10:02:07]     Extreme (age_ratio > 0.4): N = 20, <Γ_t> = 0.835
[10:02:07]     Normal (age_ratio ≤ 0.4): N = 2295, <Γ_t> = 0.621
[10:02:07]     Ratio: 1.35×
[10:02:07]     
============================================================
[10:02:07]     DIAGNOSTIC 6: Double-Control (z AND M*)
[10:02:07]     ============================================================
[10:02:07]     N = 2315
[10:02:07]     ρ(Γ_t, Dust_resid|z,M*) = -0.035 (p = 9.20e-02)
[10:02:07]     
============================================================
[10:02:07]     DIAGNOSTIC 7: Quiescent Fraction by Γ_t
[10:02:07]     ============================================================
[10:02:07]     
============================================================
[10:02:07]     DIAGNOSTIC 8: Mass-Age at z > 8
[10:02:07]     ============================================================
[10:02:07]     N = 283
[10:02:07]     ρ(M*, Age) at z > 8 = -0.043 (p = 4.76e-01)
[10:02:07]     
======================================================================
[10:02:07]     SUMMARY: Strong Evidence Found
[10:02:07]     ======================================================================
[10:02:07]     
Strong evidence items: 2
[10:02:07]       • Burstiness: stat = -0.294, p = 2.98e-47
[10:02:07]       • Dust_z8: stat = 0.471, p = 4.72e-17
[10:02:07]     
Saved to /Users/matthewsmawfield/www/Temporal Equivalence Principle/TEP-JWST/results/outputs/step_046_multi_diagnostic.json
