[14:23:53]     ======================================================================
[14:23:53]     STEP 054: Unique Predictions
[14:23:53]     ======================================================================
[14:23:53]     
Testing predictions UNIQUE to TEP...

[14:23:53]     Loaded N = 2315 galaxies
[14:23:54]     
======================================================================
[14:23:54]     PREDICTION 1: Dust Desert Violation
[14:23:54]     ======================================================================
[14:23:54]     At z > 10, t_cosmic < 450 Myr. AGB dust requires ~300 Myr.
[14:23:54]     Standard physics: NO dust possible. TEP: Dust if Gamma_t > 1.

[14:23:54]     
======================================================================
[14:23:54]     PREDICTION 2: Mass-Age Correlation
[14:23:54]     ======================================================================
[14:23:54]     Standard: More massive galaxies form LATER (hierarchical).
[14:23:54]     TEP: More massive = higher Gamma_t = appear OLDER.

[14:23:54]     N = 283
[14:23:54]     ρ(M*, Age) at z > 8 = -0.043 (p = 4.76e-01)
[14:23:54]     
======================================================================
[14:23:54]     PREDICTION 3: Metallicity Paradox
[14:23:54]     ======================================================================
[14:23:54]     At z > 9, t_cosmic < 550 Myr. High metallicity requires time.
[14:23:54]     TEP: High metallicity possible with high Gamma_t.

[14:23:54]     High metallicity (top 25%): N = 26, <Γ_t> = 1.41
[14:23:54]     Low metallicity: N = 78, <Γ_t> = 0.89
[14:23:54]     Ratio: 1.57×
[14:23:54]     ✓ UNIQUE: High-metallicity z>9 galaxies have elevated Γ_t
[14:23:54]     
======================================================================
[14:23:54]     PREDICTION 4: χ² Monotonicity
[14:23:54]     ======================================================================
[14:23:54]     TEP predicts: χ² should increase monotonically with Gamma_t.
[14:23:54]     (Isochrony violation worsens SED fits.)

[14:23:54]     Γ_t = 0.5-1: N = 265, <χ²> = 13.2
[14:23:54]     Γ_t = 1-2: N = 14, <χ²> = 66.8
[14:23:54]     
======================================================================
[14:23:54]     PREDICTION 5: Quiescent Fraction
[14:23:54]     ======================================================================
[14:23:54]     Standard: NO quiescent galaxies at z > 8 (not enough time).
[14:23:54]     TEP: Quiescent possible with high Gamma_t.

[14:23:54]     Quiescent at z > 8: N = 3 (1.1%)
[14:23:54]     <Γ_t> quiescent: 2.18
[14:23:54]     <Γ_t> star-forming: 0.96
[14:23:54]     ✓ UNIQUE: Quiescent z>8 galaxies have elevated Γ_t
[14:23:54]     
======================================================================
[14:23:54]     PREDICTION 6: Effective Time Threshold
[14:23:54]     ======================================================================
[14:23:54]     TEP predicts: Dust should appear when t_eff > 300 Myr.
[14:23:54]     This is a QUANTITATIVE prediction.

[14:23:54]     
======================================================================
[14:23:54]     SUMMARY: Unique Predictions
[14:23:54]     ======================================================================
[14:23:54]     
Unique evidence items: 2
[14:23:54]       • metallicity_paradox: stat = 1.575
[14:23:54]       • quiescent_z8: stat = 2.278
[14:23:54]     
Saved to /Users/matthewsmawfield/www/Temporal Equivalence Principle/TEP-JWST/results/outputs/step_054_unique_predictions.json
