[14:25:02]     ======================================================================
[14:25:02]     STEP 101: Multi-Observable α₀ Recovery Test
[14:25:02]     ======================================================================
[14:25:02]     Loaded 2315 galaxies
[14:25:02]     High-z sample (z > 6): 876 galaxies
[14:25:02]       Added: dust (N=876)
[14:25:02]       Added: age_ratio (N=876)
[14:25:02]       Added: metallicity (N=876)
[14:25:02]       Added: log_ssfr (N=876)
[14:25:02]     
Fitting α₀ to 4 observables:
[14:25:02]       dust: α₀ = 1.03 ± 0.20, ρ = 0.43 ✓
[14:25:03]       age_ratio: α₀ = 0.87 ± 0.28, ρ = 0.22 ✓
[14:25:03]       metallicity: α₀ = 1.30 ± 0.43, ρ = 0.05 ✓
[14:25:03]       ssfr: α₀ = 0.92 ± 0.22, ρ = -0.33 ✓
[14:25:03]     
Joint fit across all observables:
[14:25:05]       Joint α₀ = 1.03 ± 0.20
[14:25:05]       Nominal α₀ = 0.58 ± 0.16
[14:25:05]       Tension: 1.8σ ✓
[14:25:05]     
Weighted mean of individual fits:
[14:25:05]       α₀ = 0.98 ± 0.14
[14:25:05]       Tension with nominal: 1.9σ
[14:25:05]     
======================================================================
[14:25:05]     SUMMARY
[14:25:05]     ======================================================================
[14:25:05]     
✗ Joint fit does not improve agreement
[14:25:05]       This may indicate systematic effects in the data
[14:25:05]     
Joint α₀ is CONSISTENT with Cepheid calibration within 2σ
[14:25:05]     
Results saved to /Users/matthewsmawfield/www/Temporal Equivalence Principle/TEP-JWST/results/outputs/step_101_alpha_recovery_multi_observable.json
[14:25:05]     Figure saved to /Users/matthewsmawfield/www/Temporal Equivalence Principle/TEP-JWST/results/figures/figure_101_alpha_recovery.png
[14:25:05]     
Step 101 complete.
