[10:01:44] ======================================================================
[10:01:44] TEP-JWST Step 22: Extreme Population Analysis
[10:01:44] ======================================================================
[10:01:44] 
[10:01:44] Analyzing galaxies with extreme TEP enhancement factors.
[10:01:44] 
[10:01:44] Loading UNCOVER data...
[10:01:44] Loaded 2315 galaxies
[10:01:44] ======================================================================
[10:01:44] TEST 1: The Extreme Population
[10:01:44] ======================================================================
[10:01:44] Extreme galaxies (Γ_t > 2): N = 4 (0.2%)
[10:01:44] Normal galaxies: N = 2311
[10:01:44] 
Age Ratio:
[10:01:44]   Extreme: 0.2467
[10:01:44]   Normal: 0.1610
[10:01:44]   Ratio: 1.53×
[10:01:44]   p-value: 7.59e-03
[10:01:44] 
Stellar Age (Gyr):
[10:01:44]   Extreme: 0.1309
[10:01:44]   Normal: 0.1676
[10:01:44]   Ratio: 0.78×
[10:01:44]   p-value: 3.71e-01
[10:01:44] 
Effective Time (Gyr):
[10:01:44]   Extreme: 2.1659
[10:01:44]   Normal: 0.6584
[10:01:44]   Ratio: 3.29×
[10:01:44]   p-value: 6.19e-37
[10:01:44] 
Most extreme galaxy:
[10:01:44]   Γ_t = 5.21
[10:01:44]   z = 9.7
[10:01:44]   log(M*) = 11.14
[10:01:44]   Age ratio = 0.203
[10:01:44] 
Extreme galaxies after TEP correction:
[10:01:44]   Mean age_ratio (raw): 0.247
[10:01:44]   Mean age_ratio (corrected): 0.102
[10:01:44]   Reduction: 58.6%
[10:01:44] ======================================================================
[10:01:44] TEST 2: The Bimodality Test
[10:01:44] ======================================================================
[10:01:44] Suppressed regime (Γ_t < 1): N = 2303 (99.5%)
[10:01:44] Enhanced regime (Γ_t ≥ 1): N = 12 (0.5%)
[10:01:44] 
Age ratio comparison:
[10:01:44]   Suppressed: 0.1607
[10:01:44]   Enhanced: 0.2559
[10:01:44]   Ratio: 1.59×
[10:01:44]   p-value: 2.73e-07
[10:01:44]   Cohen's d: 0.62
[10:01:44] 
⚠ Medium effect size - partial bimodality
[10:01:44] ======================================================================
[10:01:44] TEST 3: Prediction Precision
[10:01:44] ======================================================================
[10:01:44] TEP model: age_ratio = 0.0945 + 0.0498×Γ_t + 0.0061×z
[10:01:44] RMSE: 0.0633
[10:01:44] R²: 0.0268
[10:01:44] 
Residual-Γ_t correlation: ρ = 0.121, p = 0.0000
[10:01:44] ⚠ Residuals show systematic pattern
[10:01:44] ======================================================================
[10:01:44] TEST 4: Emergent Correlations
[10:01:44] ======================================================================
[10:01:44] Mass-Age correlation:
[10:01:44]   Raw: ρ = 0.135, p = 0.0000
[10:01:44]   TEP-corrected: ρ = 0.077, p = 0.0002
[10:01:44]   ⚠ Correlation weakened (TEP explains part of it)
[10:01:44] 
log(M*) = [8, 9): N = 2054
[10:01:44]   z-Age (raw): ρ = -0.671
[10:01:44]   z-Age (corrected): ρ = -0.596
[10:01:44] 
log(M*) = [9, 10): N = 238
[10:01:44]   z-Age (raw): ρ = -0.516
[10:01:44]   z-Age (corrected): ρ = -0.442
[10:01:44] 
Emergent correlations found: 0/3
[10:01:44] ======================================================================
[10:01:44] TEST 5: Parameter Recovery
[10:01:44] ======================================================================
[10:01:44] Scatter minimization:
[10:01:44]   No TEP (α → 0): σ = 0.0642
[10:01:44]   Calibrated (α = 9.6e5): σ = 0.0984
[10:01:44]   Optimal: α = 100000.00, σ = 0.0665
[10:01:44] 
Optimal / Calibrated ratio: 0.10
[10:01:44] ⚠ Optimal α differs significantly from calibrated
[10:01:44] 
Scatter reduction (no TEP → optimal): -3.7%
[10:01:44] 
[10:01:44] ======================================================================
[10:01:44] SUMMARY: Extreme Population Results
[10:01:44] ======================================================================
[10:01:44] ✓ Extreme population: Detected
[10:01:44] ✓ Bimodality: Detected
[10:01:44] 
Tests passed: 2/5
[10:01:44] 
Results saved to: /Users/matthewsmawfield/www/Temporal Equivalence Principle/TEP-JWST/results/outputs/step_022_extreme_population.json
