[01:33:33] ======================================================================
[01:33:33] TEP-JWST Step 019: Chi-Squared Correlation Analysis
[01:33:33] ======================================================================
[01:33:33] Loading JADES z>8 candidates (Hainline+23)...
[01:33:35] Loaded 94000 z>8 candidates
[01:33:35]   With spec-z: 0
[01:33:35] ======================================================================
[01:33:35] TEST 1: Photo-z Uncertainty Scaling
[01:33:35] ======================================================================
[01:33:35] Sample size: N = 84291
[01:33:35] 
Correlation (z_phot_err vs Γ_t):
[01:33:35]   Spearman ρ = -0.074, p = 0.0000
[01:33:35] 
⚠ No positive correlation
[01:33:35] ======================================================================
[01:33:35] TEST 2: Spec-z vs Photo-z Offset
[01:33:35] ======================================================================
[01:33:35] Galaxies with spec-z: N = 0
[01:33:35] Insufficient spec-z sample
[01:33:35] ======================================================================
[01:33:35] TEST 3: χ² Scaling with Γ_t
[01:33:35] ======================================================================
[01:33:35] Sample size: N = 84291
[01:33:35] 
Correlation (χ² vs Γ_t):
[01:33:35]   Spearman ρ = 0.049, p = 0.0000
[01:33:35] 
Binned analysis:
[01:33:35]   Γ_t = [0.5, 0.7): N = 35, mean χ² = 13.3, median = 10.3
[01:33:35]   Γ_t = [0.7, 1.0): N = 17569, mean χ² = 10.1, median = 8.2
[01:33:35]   Γ_t = [1.0, 5.0): N = 48322, mean χ² = 8.3, median = 6.7
[01:33:35] 
✓ Higher Γ_t → worse SED fit (TEP-consistent)
[01:33:35] ======================================================================
[01:33:35] TEST 5: Δχ² Diagnostic
[01:33:35] ======================================================================
[01:33:35] Sample size: N = 0
[01:33:35] Insufficient valid Δχ² data — skipping Test 5.
[01:33:35] Loading JADES GOODS-S Deep catalog...
[01:33:35] Could not load full catalog: list index out of range
[01:33:35] 
[01:33:35] ======================================================================
[01:33:35] SUMMARY
[01:33:35] ======================================================================
[01:33:35] ⚠ photoz_uncertainty: Not significant
[01:33:35] ✓ chi2_scaling: TEP-consistent
[01:33:35] 
Tests passed: 1/2
[01:33:35] 
Results saved to: /Users/matthewsmawfield/www/TEP-JWST/results/outputs/step_019_chi2_analysis.json
