[13:08:21]     =================================================================
[13:08:21]     Step 147: Cosmic SFRD Correction at z > 6
[13:08:21]     =================================================================
[13:08:21]     Loading SFR data...
[13:08:21]       UNCOVER: 2315 galaxies with SFR
[13:08:21]       CEERS: 10477 galaxies with SFR
[13:08:21]     
Computing SFRD per survey...
[13:08:21]       UNCOVER:
[13:08:22]         z=[6,7): N=372, log SFRD_obs=-1.90, log SFRD_corr=-2.02, reduction=24%
[13:08:23]         z=[7,8): N=221, log SFRD_obs=-2.07, log SFRD_corr=-2.23, reduction=31%
[13:08:23]         z=[8,9): N=179, log SFRD_obs=-1.60, log SFRD_corr=-2.14, reduction=71%
[13:08:23]         z=[9,10): N=104, log SFRD_obs=-1.80, log SFRD_corr=-2.46, reduction=78%
[13:08:23]       CEERS:
[13:08:23]         z=[6,7): N=1835, log SFRD_obs=-0.82, log SFRD_corr=-1.33, reduction=69%
[13:08:23]         z=[7,8): N=554, log SFRD_obs=-1.37, log SFRD_corr=-1.80, reduction=63%
[13:08:23]         z=[8,9): N=382, log SFRD_obs=-1.87, log SFRD_corr=-2.23, reduction=56%
[13:08:23]         z=[9,10): N=236, log SFRD_obs=-1.68, log SFRD_corr=-2.36, reduction=79%
[13:08:23]         z=[10,12): N=269, log SFRD_obs=-1.97, log SFRD_corr=-2.63, reduction=78%
[13:08:23]     
Combined SFRD (volume-weighted):
[13:08:23]       z=[6,7): N=2207, log SFRD_obs=-0.97, log SFRD_corr=-1.45, excess_obs=5.1×, excess_corr=1.7×, reduction=67%
[13:08:23]       z=[7,8): N=775, log SFRD_obs=-1.49, log SFRD_corr=-1.90, excess_obs=3.4×, excess_corr=1.3×, reduction=60%
[13:08:23]       z=[8,9): N=561, log SFRD_obs=-1.77, log SFRD_corr=-2.20, excess_obs=4.0×, excess_corr=1.5×, reduction=63%
[13:08:23]       z=[9,10): N=340, log SFRD_obs=-1.72, log SFRD_corr=-2.39, excess_obs=10.2×, excess_corr=2.2×, reduction=79%
[13:08:23]       z=[10,12): N=269, log SFRD_obs=-1.97, log SFRD_corr=-2.63, excess_obs=18.9×, excess_corr=4.2×, reduction=78%
[13:08:23]     
=================================================================
[13:08:23]     SUMMARY
[13:08:23]     =================================================================
[13:08:23]       z>8 mean SFRD reduction: 73%
[13:08:23]       z>8 mean excess (observed): 11.0× ΛCDM
[13:08:23]       z>8 mean excess (TEP-corrected): 2.6× ΛCDM
[13:08:23]       z>8 max excess: 18.9× → 4.2×
[13:08:23]       Overall mean SFRD reduction: 69%
[13:08:23]     
  Sensitivity to SFR bias index m:
[13:08:23]         z=[8,9): m=0.5 → log SFRD=-2.20, m=0.7 → log SFRD=-2.26
[13:08:23]         z=[9,10): m=0.5 → log SFRD=-2.39, m=0.7 → log SFRD=-2.51
[13:08:23]         z=[10,12): m=0.5 → log SFRD=-2.63, m=0.7 → log SFRD=-2.64
[13:08:23]     
Generating figure...
[13:08:25]     Figure saved to /Users/matthewsmawfield/www/TEP-JWST/results/figures/figure_147_cosmic_sfrd_correction.png
[13:08:25]     
Results saved to /Users/matthewsmawfield/www/TEP-JWST/results/outputs/step_147_cosmic_sfrd_correction.json
[13:08:25]     
=================================================================
[13:08:25]     HEADLINE: TEP reduces cosmic SFRD at z>8 by 73%, cutting the ΛCDM excess from 11.0× to 2.6×.
[13:08:25]     =================================================================
