[13:04:43]     ======================================================================
[13:04:43]     STEP 062: Predictive Power Analysis
[13:04:43]     ======================================================================
[13:04:43]     
Loaded N = 2315 galaxies
[13:04:43]     
======================================================================
[13:04:43]     TEST 1: Dust Prediction via Linear Models
[13:04:43]     ======================================================================
[13:04:43]     Evaluating the linear correlation between mass, Gamma_t, t_eff and dust content.

[13:04:43]     Variance explained by Mass alone: R² = 0.4625
[13:04:43]     Variance explained by Gamma_t alone: R² = 0.1611
[13:04:43]     Variance explained by t_eff alone: R² = 0.1776
[13:04:43]     Variance explained by joint Mass + Gamma_t model: R² = 0.4628
[13:04:43]     
Marginal predictive power: Gamma_t adds 0.0% explained variance over mass alone.
[13:04:43]     
======================================================================
[13:04:43]     TEST 2: Cross-Validated Prediction robustness
[13:04:43]     ======================================================================
[13:04:43]     Testing if the joint model's predictive power is robust to data partitioning (K-Fold CV).

[13:04:43]     5-fold CV R² scores: [ 0.4764  0.0027 -0.0729 -0.0126  0.0575]
[13:04:43]     Mean CV R²: 0.0902 ± 0.1975
[13:04:43]     
======================================================================
[13:04:43]     TEST 3: Out-of-Sample Generalization
[13:04:43]     ======================================================================
[13:04:43]     Training the joint model on z = 8-9, and evaluating its performance on an unseen higher-z (9-10) epoch.

[13:04:43]     Training set (z = 8-9): N = 179
[13:04:43]     Test set (z = 9-10): N = 104
[13:04:43]     Out-of-sample R²: -1.1081
[13:04:43]     Out-of-sample RMSE: 0.7911
[13:04:43]     
-> The linear model fails to generalize to the higher redshift bin.
[13:04:43]     
======================================================================
[13:04:43]     TEST 4: Non-linear Feature Importance
[13:04:43]     ======================================================================
[13:04:43]     Using a non-linear ensemble tree model to evaluate relative feature information content.

[13:04:43]     Feature importances (Random Forest Impurity reduction):
[13:04:43]       log_Mstar: 0.343
[13:04:43]       gamma_t: 0.332
[13:04:43]       t_eff: 0.325
[13:04:43]     
======================================================================
[13:04:43]     TEST 5: Baseline Null Model Comparison
[13:04:43]     ======================================================================
[13:04:43]     Comparing the TEP parameterization against a purely random, mean-predictive null distribution.

[13:04:43]     R² (Null model - mean predictor): 0.0000
[13:04:43]     R² (TEP Gamma_t model): 0.1611
[13:04:43]     Calibrated predictive gain over baseline: 16.1%
[13:04:43]     
======================================================================
[13:04:43]     SUMMARY: Predictive Power Analysis
[13:04:43]     ======================================================================
[13:04:43]     
Key findings:
[13:04:43]       • Gamma_t adds 0.0% explained variance
[13:04:43]       • Cross-validated R²: 0.090
[13:04:43]       • Out-of-sample R²: -1.108
[13:04:43]     
Saved to /Users/matthewsmawfield/www/TEP-JWST/results/outputs/step_062_predictive_power.json
