[19:43:36]     ======================================================================
[19:43:36]     STEP 080: Balmer Absorption Line Simulation
[19:43:36]     ======================================================================
[19:43:36]     Loaded N = 2315 galaxies
[19:43:36]     
--- 1. Creating Balmer EW Grid ---
[19:43:36]       Age range: 0.010 - 14.1 Gyr
[19:43:36]       EW(Hδ) range: 1.0 - 8.5 Å
[19:43:36]     
--- 2. Computing TEP Balmer Predictions ---
[19:43:37]       Generated predictions for 2315 galaxies
[19:43:37]       z=4-6: N=1439, ΔEW(Hδ)=-0.94±0.64 Å
[19:43:37]       z=6-8: N=593, ΔEW(Hδ)=-1.94±1.06 Å
[19:43:37]       z=8-12: N=283, ΔEW(Hδ)=-2.36±1.63 Å
[19:43:37]     
--- 3. Discriminant Power Analysis ---
[19:43:37]       Effect size (Cohen's d): 1.26
[19:43:37]       Fraction detectable: 44.3%
[19:43:37]       N required for 80% power: 10
[19:43:37]       High-z (z>6) effect size: 1.62
[19:43:37]     
--- 4. Γt-Balmer Correlation ---
[19:43:37]       z=4-6: ρ(Γt, EW_Hδ) = 0.662, p = 2.98e-182
[19:43:37]       z=6-8: ρ(Γt, EW_Hδ) = 0.753, p = 2.65e-109
[19:43:37]       z=8-12: ρ(Γt, EW_Hδ) = 0.913, p = 3.83e-111
[19:43:37]     
--- 5. Priority Targets ---
[19:43:37]       Top 20 targets identified
[19:43:37]       Best target: z=9.86, ΔEW=-4.90 Å
[19:43:37]     
--- 6. Mock Spectrum Generation ---
[19:43:37]       Generated mock spectrum for target 72100.0
[19:43:37]     
--- 7. Creating Figures ---
[19:43:37]       Saved figure: balmer_tep_discriminant.png
[19:43:37]     
======================================================================
[19:43:37]     BALMER SIMULATION SUMMARY
[19:43:37]     ======================================================================
[19:43:37]       Detectable fraction: 44.3%
[19:43:37]       Priority targets: 20
[19:43:37]     
Results saved to /Users/matthewsmawfield/www/TEP-JWST/results/outputs/step_080_balmer_simulation.json
[19:43:37]     Predictions saved to /Users/matthewsmawfield/www/TEP-JWST/results/outputs/step_080_balmer_predictions.csv
