[19:43:39]     ======================================================================
[19:43:39]     STEP 082: Evidence Strengthening and Falsification Tests
[19:43:39]     ======================================================================
[19:43:39]     Loaded N = 2315 galaxies
[19:43:39]     
--- 1. Comprehensive Correlation Tests ---
[19:43:46]     
  z>8 Dust-Γt:
[19:43:46]         Monte Carlo: Z = 10.07, p = 2.00e-04
[19:43:46]         Jackknife: ρ = 0.593 ± 0.045, stable = True
[19:43:46]         Effect size: large (r² = 35.1%)
[19:43:46]     
  Mass-Age:
[19:43:46]         Monte Carlo: Z = 6.48, p = 2.00e-04
[19:43:46]         Jackknife: ρ = 0.135 ± 0.010, stable = True
[19:43:46]         Effect size: small (r² = 1.8%)
[19:43:46]     
  Full Sample Dust-Γt:
[19:43:46]         Monte Carlo: Z = -5.66, p = 2.00e-04
[19:43:46]         Jackknife: ρ = -0.118 ± 0.010, stable = True
[19:43:46]         Effect size: small (r² = 1.4%)
[19:43:46]     
--- 2. Environmental Screening Investigation ---
[19:43:46]     
--- 3. Predictive Confound-Control Test ---
[19:43:47]       ΔR² (mass+z -> +logΓt): -0.0102 (perm p=0.832)
[19:43:47]       ΔR² (poly(m,z) -> +logΓt): -0.0105 (perm p=0.871)
[19:43:47]       High-density mean mass: 8.46
[19:43:47]       Low-density mean mass: 8.46
[19:43:47]       Mass difference: 0.00 dex
[19:43:47]       Fixed-mass density-Γt correlations:
[19:43:47]         Mass 8-9: ρ = 0.241, N = 2054
[19:43:47]         Mass 9-10: ρ = -0.239, N = 238
[19:43:47]       CONCLUSION: At fixed mass, density-Γt correlation disappears. The apparent positive correlation is entirely due to mass-density correlation.
[19:43:47]     
--- 4. Evidence Strength Score ---
[19:43:47]       Overall score: 80.1/100 (STRONG)
[19:43:47]     
======================================================================
[19:43:47]     EVIDENCE STRENGTHENING SUMMARY
[19:43:47]     ======================================================================
[19:43:47]       Correlations tested: 3
[19:43:47]       All Monte Carlo significant: True
[19:43:47]       All jackknife stable: True
[19:43:47]       Environmental anomaly explained: True
[19:43:47]       Evidence category: STRONG
[19:43:47]     
Results saved to /Users/matthewsmawfield/www/TEP-JWST/results/outputs/step_082_evidence_strengthening.json
