[10:01:25]     ============================================================
[10:01:25]     STEP 7: Threads 6-7 - Coherence Tests
[10:01:25]     ============================================================
[10:01:25]     Loaded multi-property sample: N = 1108
[10:01:25]     
==================================================
[10:01:25]     THREAD 6: Age-Metallicity Coherence
[10:01:25]     ==================================================
[10:01:25] 
[10:01:26]     N = 1108
[10:01:26]     rho(age_ratio, metallicity) = 0.331 [0.267, 0.388]
[10:01:26]     p = 1.05e-29
[10:01:26] 
[10:01:26]     ★ STATISTICALLY SIGNIFICANT: True
[10:01:26] 
[10:01:26]     INTERPRETATION:
[10:01:26]       Older-appearing galaxies are more metal-enriched.
[10:01:26]       This is consistent with TEP: enhanced time → more enrichment.
[10:01:26]     
==================================================
[10:01:26]     THREAD 7: Multi-Property Split Test
[10:01:26]     ==================================================
[10:01:26] 
[10:01:26]     N = 1108
[10:01:26]     Γ_t median = 0.634
[10:01:26] 
[10:01:26]     age_ratio:
[10:01:26]       Low Γ_t:  0.133
[10:01:26]       High Γ_t: 0.167
[10:01:26]       Diff:     +0.034
[10:01:26]       p = 6.33e-16
[10:01:26]       ★ SIGNIFICANT: True
[10:01:26] 
[10:01:26]     metallicity:
[10:01:26]       Low Γ_t:  -1.272
[10:01:26]       High Γ_t: -1.049
[10:01:26]       Diff:     +0.223
[10:01:26]       p = 4.14e-16
[10:01:26]       ★ SIGNIFICANT: True
[10:01:26] 
[10:01:26]     dust:
[10:01:26]       Low Γ_t:  0.254
[10:01:26]       High Γ_t: 0.302
[10:01:26]       Diff:     +0.047
[10:01:26]       p = 1.68e-06
[10:01:26]       ★ SIGNIFICANT: True
[10:01:26] 
[10:01:26]     ==================================================
[10:01:26]     ALL PROPERTIES SIGNIFICANT: True
[10:01:26] 
[10:01:26]     INTERPRETATION:
[10:01:26]       All three properties (age, metallicity, dust) shift
[10:01:26]       in the direction predicted by TEP.
[10:01:26]       This is the TEP signature - coherent multi-property shift.
[10:01:26]     
==================================================
[10:01:26]     SUMMARY
[10:01:26]     ==================================================
[10:01:26]     Thread 6 (Age-Metallicity): ✓
[10:01:26]     Thread 7 (Multi-Property):  ✓
[10:01:26] 
[10:01:26]     Step 007 complete.
