[10:02:13]     ======================================================================
[10:02:13]     STEP 053: TEP Discriminant
[10:02:13]     ======================================================================
[10:02:13]     
Creating a comprehensive TEP discriminant...

[10:02:13]     Loaded N = 2315 galaxies
[10:02:13]     
======================================================================
[10:02:13]     STEP 1: Create TEP Anomaly Score
[10:02:13]     ======================================================================
[10:02:13]     Combining multiple indicators into a single score.

[10:02:13]     Overall: ρ(Γ_t, TEP_score) = 0.438 (p = 5.01e-109)
[10:02:13]     z = 4-6: ρ = 0.302 (p = 1.01e-31) ✓
[10:02:13]     z = 6-8: ρ = 0.184 (p = 6.41e-06) 
[10:02:13]     z = 8-12: ρ = 0.387 (p = 1.53e-11) ✓
[10:02:13]     
======================================================================
[10:02:13]     STEP 2: Fisher Combined Significance
[10:02:13]     ======================================================================
[10:02:13]     Combining p-values from independent tests.

[10:02:13]     Γ_t-Dust: p = 4.72e-17
[10:02:13]     Γ_t-χ²: p = 7.18e-01
[10:02:13]     M*-Dust: p = 1.05e-24
[10:02:13]     
Fisher combined statistic: χ² = 186.3 (df = 6)
[10:02:13]     Combined p-value: 1.57e-37
[10:02:13]     Equivalent significance: 12.8σ
[10:02:13]     
======================================================================
[10:02:13]     STEP 3: Bayes Factor Calculation
[10:02:13]     ======================================================================
[10:02:13]     Comparing TEP model to null model.

[10:02:13]     R² (Null model, M* only): 0.463
[10:02:13]     R² (TEP model, M* + Γ_t): 0.463
[10:02:13]     ΔBIC = -5.4
[10:02:13]     Bayes Factor (TEP vs Null): 6.8e-02
[10:02:13]     
======================================================================
[10:02:13]     STEP 4: Cross-Validation Test
[10:02:13]     ======================================================================
[10:02:13]     Testing if TEP correlations hold in independent subsamples.

[10:02:13]     Half 1 (N = 141): ρ = 0.454 (p = 1.59e-08)
[10:02:13]     Half 2 (N = 142): ρ = 0.493 (p = 4.40e-10)
[10:02:13]     ✓ Correlation holds in both independent halves
[10:02:13]     
======================================================================
[10:02:13]     STEP 5: Predictive Accuracy Test
[10:02:13]     ======================================================================
[10:02:13]     Can Gamma_t predict which galaxies are anomalous?

[10:02:13]     Anomalous galaxies: N = 28
[10:02:13]     AUC (Γ_t predicting anomalous): 0.701
[10:02:13]     ✓ Gamma_t is a good predictor of anomalous status
[10:02:13]     
======================================================================
[10:02:13]     STEP 6: The Ultimate Discriminant
[10:02:13]     ======================================================================
[10:02:13]     Combining all evidence into a single discriminant.

[10:02:13]     ✓ TEP score correlates positively with Γ_t
[10:02:13]     ✓ Fisher combined p < 0.001
[10:02:13]     ✓ Cross-validation holds
[10:02:13]     ✓ Predictive accuracy > 0.7
[10:02:13]     
Ultimate Discriminant: 4/5 tests passed
[10:02:13]     ✓ STRONG SUPPORT for TEP framework
[10:02:13]     
======================================================================
[10:02:13]     SUMMARY: TEP Discriminant Results
[10:02:13]     ======================================================================
[10:02:13]     
Key metrics:
[10:02:13]       • TEP Score correlation: ρ = 0.438
[10:02:13]       • Bayes Factor: 6.8e-02
[10:02:13]       • Predictive AUC: 0.701
[10:02:13]       • Ultimate: 4/5 tests passed
[10:02:13]     
Saved to /Users/matthewsmawfield/www/Temporal Equivalence Principle/TEP-JWST/results/outputs/step_053_tep_discriminant.json
