[10:03:32]     ======================================================================
[10:03:32]     STEP 100: Combined Evidence Synthesis
[10:03:32]     ======================================================================
[10:03:32]     
Loaded 5 live tests (5 with p-values for combination)
[10:03:32]     
--- 1. Fisher's Method (Independence Assumed) ---
[10:03:32]       Combined p-value: 3.87e-130
[10:03:32]       χ² = 635.7, df = 10
[10:03:32]     
--- 2. Brown's Method (Correlation Adjusted) ---
[10:03:32]       Combined p-value: 3.89e-90
[10:03:32]       Adjusted df = 6.9
[10:03:32]     
--- 3. Conservative Estimate (Independent Tests Only) ---
[10:03:32]       Using 4 independent tests
[10:03:32]       Combined p-value: 9.07e-131
[10:03:32]     
--- 4. Bayesian Evidence ---
[10:03:32]       Prior P(TEP) = 1%
[10:03:32]       Log Bayes Factor = 297.5
[10:03:32]       Posterior P(TEP) = 100.00%
[10:03:32]     
  Prior sensitivity:
[10:03:32]         Prior 0.1% -> Posterior 100.00%
[10:03:32]         Prior 1.0% -> Posterior 100.00%
[10:03:32]         Prior 5.0% -> Posterior 100.00%
[10:03:32]         Prior 10.0% -> Posterior 100.00%
[10:03:32]         Prior 50.0% -> Posterior 100.00%
[10:03:32]     
--- 5. Primary Evidence Statement ---
[10:03:32]       The primary evidence for TEP rests on the z>8 dust-Γt correlation, replicated across 3 independent JWST surveys (N=1,283) with a sample-size-weighted ρ = 0.613 and Fisher-combined p = 1.45e-130.
[10:03:32]     
======================================================================
[10:03:32]     COMBINED EVIDENCE SUMMARY
[10:03:32]     ======================================================================
[10:03:32]       Fisher (independence): p = 3.87e-130
[10:03:32]       Brown (correlated): p = 3.89e-90
[10:03:32]       Conservative: p = 9.07e-131
[10:03:32]       Bayesian posterior: 100.00%
[10:03:32]     
Results saved to /Users/matthewsmawfield/www/Temporal Equivalence Principle/TEP-JWST/results/outputs/step_100_multi_domain_model_comparison.json
