[14:23:43]     ======================================================================
[14:23:43]     STEP 043: Blue Monsters TEP Analysis
[14:23:43]     ======================================================================
[14:23:43]     Loaded 283 galaxies from UNCOVER
[14:23:43]     Loading canonical Monster galaxies from literature...
[14:23:43]     Created sample of 3 Monster galaxies from literature
[14:23:43]     
Analyzing 3 Blue Monsters...
[14:23:43]     
==================================================
[14:23:43]     BLUE MONSTERS SUMMARY
[14:23:43]     ==================================================
[14:23:43]     Total analyzed: 3
[14:23:43]     Redshift range: 5.30 - 5.85
[14:23:43]     Mass range: 10.80 - 11.15
[14:23:43]     
TEP Enhancement:
[14:23:43]       Mean Gamma_t: 10.95
[14:23:43]       Median Gamma_t: 7.95
[14:23:43]     
SFE Correction:
[14:23:43]       Mean SFE_obs: 0.50
[14:23:43]       Mean SFE_true: 0.11
[14:23:43]       Mean SFE excess (obs): 2.5x standard
[14:23:43]       Mean SFE excess (corr): 0.6x standard
[14:23:43]     
Anomaly Resolution:
[14:23:43]       Mean % resolved: 100.0%
[14:23:43]       Median % resolved: 100.0%
[14:23:43]       Still above standard after TEP: 0/3 (0%)
[14:23:43]     
Saved CSV to /Users/matthewsmawfield/www/Temporal Equivalence Principle/TEP-JWST/results/outputs/step_043_blue_monsters_tep.csv
[14:23:43]     Saved figure to /Users/matthewsmawfield/www/Temporal Equivalence Principle/TEP-JWST/results/figures/blue_monsters_sfe_correction.png
[14:23:43]     Saved JSON to /Users/matthewsmawfield/www/Temporal Equivalence Principle/TEP-JWST/results/outputs/step_043_blue_monsters.json
[14:23:43]     
Step 043 complete.
