[19:44:37]     ======================================================================
[19:44:37]     STEP 107: Time-Domain SN Rate Prediction
[19:44:37]     ======================================================================
[19:44:37]     
--- TEP Predictions for SN Rates ---
[19:44:37]     
Type Ia Supernovae:
[19:44:37]       Prediction: Enhanced rate in high-Gamma_t galaxies
[19:44:37]       Mechanism: More effective time for WD binary evolution
[19:44:37]       Observable: SN Ia rate per unit stellar mass
[19:44:37]       Falsification: No rate difference between high/low Gamma_t at fixed mass
[19:44:37]     
Core-Collapse Supernovae:
[19:44:37]       Prediction: Weak or no enhancement
[19:44:37]       Mechanism: CC SNe track recent SFR, not integrated history
[19:44:37]       Observable: CC SN rate per unit SFR
[19:44:37]       Falsification: Strong Gamma_t dependence would contradict TEP
[19:44:37]     
Type Ia / Core-Collapse Ratio:
[19:44:37]       Prediction: Higher ratio in high-Gamma_t galaxies
[19:44:37]       Mechanism: Ia rate enhanced, CC rate unchanged
[19:44:37]       Observable: N(Ia) / N(CC) per galaxy
[19:44:37]       Falsification: Constant ratio across Gamma_t would contradict TEP
[19:44:37]     
--- Simulated SN Rate Test ---
[19:44:37]     
Simulation (N = 1000 galaxies):
[19:44:37]     
Type Ia SNe:
[19:44:37]       ρ(rate, Γₜ) = 0.803
[19:44:37]       Enhancement (high/low Γₜ) = 4.45×
[19:44:37]     
Core-Collapse SNe:
[19:44:37]       ρ(rate, Γₜ) = -0.001
[19:44:37]       Enhancement (high/low Γₜ) = 1.01×
[19:44:37]     
Ia/CC Ratio:
[19:44:37]       ρ(ratio, Γₜ) = 0.553
[19:44:37]     
======================================================================
[19:44:37]     KEY DISCRIMINANT
[19:44:37]     ======================================================================
[19:44:37]     
TEP predicts DIFFERENTIAL SN rate response:
[19:44:37]       • Type Ia: ENHANCED in high-Γₜ galaxies (more time for WD evolution)
[19:44:37]       • Core-Collapse: NO enhancement (tracks recent SFR)
[19:44:37]       • Ia/CC Ratio: INCREASES with Γₜ
[19:44:37]     
Standard physics predicts:
[19:44:37]       • Both Ia and CC rates scale with mass/SFR
[19:44:37]       • No differential based on Γₜ at fixed mass
[19:44:37]     
--- Observing Requirements ---
[19:44:37]       Survey: Roman Space Telescope High-Latitude Time Domain Survey
[19:44:37]       Sample: ~1000 SNe at z < 2 with host galaxy properties
[19:44:37]       Key measurement: SN rate per unit mass in bins of host Γₜ
[19:44:37]       Timeline: Roman launch 2027, first results ~2029
[19:44:37]     
Results saved to /Users/matthewsmawfield/www/TEP-JWST/results/outputs/step_107_sn_rate_prediction.json
[19:44:38]     Figure saved to /Users/matthewsmawfield/www/TEP-JWST/results/figures/figure_107_sn_rate.png
[19:44:38]     
Step 107 complete.
