[10:01:16]     ============================================================
[10:01:16]     STEP 2: TEP Model and Gamma_t Calculation
[10:01:16]     ============================================================
[10:01:16] 
[10:01:16]     TEP Model Parameters:
[10:01:16]       kappa_gal = 960000.0 ± 400000.0 mag (Observable Response Coefficient)
[10:01:16]       log_Mh_ref = 12.0
[10:01:16]       z_ref = 5.5
[10:01:16] 
[10:01:16]     Loaded full sample: N = 2315
[10:01:16]     Loaded multi-property sample: N = 1108
[10:01:16] 
[10:01:16]     Applying TEP model...
[10:01:16] 
[10:01:16]     Gamma_t Statistics (Full Sample):
[10:01:16]       Min: 0.518
[10:01:16]       Max: 5.209
[10:01:16]       Median: 0.620
[10:01:16]       N with Gamma_t > 1: 12
[10:01:16]       N with Gamma_t > 1.5: 5
[10:01:16] 
[10:01:16]     Saving outputs...
[10:01:16]     Saved: step_002_uncover_full_sample_tep.csv
[10:01:16]     Saved: step_002_uncover_multi_property_sample_tep.csv
[10:01:16] 
[10:01:16]     Step 002 complete.
