[13:06:08]     ============================================================
[13:06:08]     Step 135: Scale-Dependent Growth with Chameleon Yukawa
[13:06:08]     ============================================================
[13:06:08]     Computing ΛCDM reference growth...
[13:06:08]     Scanning 50 m_φ,0 values...
[13:06:12]     m_φ,0 (2σ min): 0.202 h/Mpc
[13:06:12]     m_φ,0 (best fit): 100.000 h/Mpc
[13:06:12]     σ₈ (best): 0.8110 (Planck: 0.811)
[13:06:12]     λ_C(z=0): 0.06 Mpc/h
[13:06:12]     Computing full scale-dependent growth at best-fit m_φ,0...
[13:06:13]     Final σ₈_TEP: 0.8110
[13:06:13]     σ₈ ratio: 1.000000
[13:06:13]     G_eff/G_N at k₈=0.785 h/Mpc: 1.000041
[13:06:13]     β_eff at k₈: 0.004555
[13:06:13]     Suppression factor: 0.0079
[13:06:13]     Computing f(z)σ₈(z)...
[13:06:13]     RSD χ² — ΛCDM: 7.70/8, TEP: 7.70/8
[13:06:13]     Unscreened σ₈: 7.64 (confirms Step 92: ~3.40)
[13:06:13]     Results saved to /Users/matthewsmawfield/www/TEP-JWST/results/outputs/step_135_scale_dependent_growth.json
[13:06:13]     Figure saved to /Users/matthewsmawfield/www/TEP-JWST/results/figures/figure_135_scale_dependent_growth.png
[13:06:14]     Figure saved to /Users/matthewsmawfield/www/TEP-JWST/results/figures/figure_135_geff_scale.png
[13:06:14]     ============================================================
[13:06:14]     SUMMARY
[13:06:14]       β (conformal coupling): 0.58
[13:06:14]       m_φ,0 (best fit): 100.00 h/Mpc
[13:06:14]       λ_C(z=0): 0.06 Mpc/h
[13:06:14]       σ₈ (TEP, screened): 0.8110
[13:06:14]       σ₈ (Planck): 0.811
[13:06:14]       Δσ₈/σ: 0.00σ
[13:06:14]       β_eff on R₈ scales: 0.0046 (suppression: 0.0079)
[13:06:14]       P(k) enhancement at k=1 h/Mpc: 1.0000
[13:06:14]       RSD χ² — ΛCDM: 7.7, TEP: 7.7
[13:06:14]     ============================================================
