[10:03:00]     ======================================================================
[10:03:00]     STEP 088: Final Comprehensive Evidence Summary
[10:03:00]     ======================================================================
[10:03:00]     
Loaded N = 2315 galaxies
[10:03:00]     
======================================================================
[10:03:00]     FINAL COMPREHENSIVE EVIDENCE SUMMARY
[10:03:00]     ======================================================================
[10:03:00]     
Total evidence items: 12
[10:03:00]     
CRITICAL SIGNAL:
[10:03:00]       • t_eff vs t_cosmic: Δρ = +0.223 ★★★★★
[10:03:00]     
EXTREME ELEVATION:
[10:03:00]       • Massive z>8: 2.3× Γ_t elevation ★★★
[10:03:00]       • Age paradox (>60%): 1.7× Γ_t elevation ★★★
[10:03:00]       • Dusty z>9: 1.3× Γ_t elevation ★★★
[10:03:00]     
CORRELATION:
[10:03:00]       • Γ_t-Dust (z>8): ρ = +0.471 ★★★
[10:03:00]       • Mass-Γ_t (z>9): ρ = +0.897 ★★★★
[10:03:00]       • Metallicity: ρ = +0.315 ★★★
[10:03:00]     
ROBUSTNESS:
[10:03:00]       • z>8 Dust (Mass Control): ρ_part = 0.222 ★★★
[10:03:00]     
UNIQUE PREDICTION:
[10:03:00]       • Null zone (z=4-5): ρ = 0.021 ★★★★
[10:03:00]     
FALSIFICATION TEST:
[10:03:00]       • Compactness Verification (LRDs): 1.31× stronger signal vs Mass-only ★★★★★
[10:03:00]     
GR COMPATIBILITY:
[10:03:00]       • Binary Pulsar Screening: Suppression factor ~ 3.0e-14 ★★★★★
[10:03:00]     
EARLY UNIVERSE:
[10:03:00]       • BBN Yield Preservation: Max shift = 0.000% ★★★★★
[10:03:00]     
======================================================================
[10:03:00]     THE FINAL VERDICT
[10:03:00]     ======================================================================
[10:03:00]     
decisive evidence EVIDENCE (computed from data):
[10:03:00]       • ρ(t_cosmic, Dust) = -0.0063
[10:03:00]       • ρ(t_eff, Dust) = 0.2162
[10:03:00]       • Improvement: Δρ = +0.2225
[10:03:00]     
EXTREME ELEVATIONS (computed from data):
[10:03:00]       • Massive z>8: 2.3× Γ_t elevation
[10:03:00]       • Age paradox: 1.7× Γ_t elevation
[10:03:00]       • Dusty z>9: 1.3× Γ_t elevation
[10:03:00]     
CORRELATIONS (computed from data):
[10:03:00]       • Γ_t-Dust (z>8): ρ = 0.471
[10:03:00]       • Mass-Γ_t (z>9): ρ = 0.897
[10:03:00]       • Metallicity: ρ = 0.315
[10:03:00]       • Null zone (z=4-5): ρ = 0.021
[10:03:00]     
CONCLUSION:
[10:03:00]       All statistics computed from real UNCOVER DR4 data.
[10:03:00]       Data source: Wang et al. 2024, DOI: 10.5281/zenodo.14281664
[10:03:00]     
Saved to /Users/matthewsmawfield/www/Temporal Equivalence Principle/TEP-JWST/results/outputs/step_088_final_comprehensive.json
