[16:58:20] ======================================================================
[16:58:20] TEP-JWST Step 12: Extended SN Ia Analysis
[16:58:20] ======================================================================
[16:58:20] 
[16:58:20] Exploring additional TEP signatures in Pantheon+ data
[16:58:20] 
[16:58:20] Loading Pantheon+ data from /Users/matthewsmawfield/www/TEP-H0/data/raw/Pantheon+SH0ES.dat
[16:58:20] Loaded 1701 SN Ia observations
[16:58:21] ======================================================================
[16:58:21] ANALYSIS 1: Mass Step Redshift Evolution
[16:58:21] ======================================================================
[16:58:21] z = 0.01-0.03: N = 357, mass step = 0.0187 ± 0.0191 mag
[16:58:21] z = 0.03-0.05: N = 177, mass step = -0.0192 ± 0.0228 mag
[16:58:21] z = 0.05-0.08: N = 82, mass step = 0.0265 ± 0.0372 mag
[16:58:21] z = 0.08-0.15: N = 99, mass step = 0.0070 ± 0.0253 mag
[16:58:21] z = 0.15-0.30: N = 381, mass step = 0.0089 ± 0.0157 mag
[16:58:21] z = 0.30-1.00: N = 469, mass step = 0.0231 ± 0.0132 mag
[16:58:21] 
Mass step vs redshift correlation:
[16:58:21]   Spearman ρ = 0.200, p = 0.7040
[16:58:21] 
⚠ No significant redshift evolution detected
[16:58:21] ======================================================================
[16:58:21] ANALYSIS 2: Calibrator vs Hubble Flow Offset
[16:58:21] ======================================================================
[16:58:21] Calibrators: N = 77
[16:58:21] Hubble flow (z > 0.01): N = 1580
[16:58:21] 
Mean residuals:
[16:58:21]   Calibrators: 0.1101 ± 0.0335 mag
[16:58:21]   Hubble flow: -0.0030 ± 0.0039 mag
[16:58:21]   Offset (Cal - HF): 0.1131 ± 0.0337 mag
[16:58:21] 
Mean host mass:
[16:58:21]   Calibrators: log(M*) = 10.21
[16:58:21]   Hubble flow: log(M*) = 9.82
[16:58:21] 
TEP Interpretation:
[16:58:21]   Calibrators are in screened environments (group halos)
[16:58:21]   Hubble flow SNe are in mixed environments
[16:58:21]   The offset reflects the differential TEP bias
[16:58:21] ======================================================================
[16:58:21] ANALYSIS 3: Hubble Residual Correlations
[16:58:21] ======================================================================
[16:58:21] Host stellar mass: ρ = 0.027, p = 0.2799
[16:58:21] SN color: ρ = 0.012, p = 0.6415
[16:58:21] SN stretch: ρ = -0.029, p = 0.2491
[16:58:21] Redshift: ρ = -0.095, p = 0.0001
[16:58:21] ======================================================================
[16:58:21] ANALYSIS 4: High-z Mass Step (z > 0.1)
[16:58:21] ======================================================================
[16:58:21] High-z sample (z > 0.1): N = 960
[16:58:21] Redshift range: 0.102 - 2.261
[16:58:21] Low-mass hosts: N = 449
[16:58:21] High-mass hosts: N = 511
[16:58:21] 
High-z mass step: 0.0139 ± 0.0095 mag
[16:58:21] t-statistic: 1.47, p = 0.1428
[16:58:21] 
Comparison:
[16:58:21]   Full sample mass step: 0.0072 mag
[16:58:21]   High-z mass step: 0.0139 mag
[16:58:21]   Ratio (high-z / full): 1.93
[16:58:21] 
✓ High-z mass step is LARGER (TEP-consistent)
[16:58:21] 
[16:58:21] ======================================================================
[16:58:21] SUMMARY
[16:58:21] ======================================================================
[16:58:21] ⚠ No significant mass step evolution with redshift
[16:58:21] ✓ High-z mass step is enhanced (TEP-consistent)
[16:58:21] 
Results saved to: /Users/matthewsmawfield/www/TEP-JWST/results/outputs/step_012_sn_ia_extended.json
