[13:03:47] ======================================================================
[13:03:47] TEP-JWST Step 10: SN Ia Host Galaxy Mass Step Analysis
[13:03:47] ======================================================================
[13:03:47] 
[13:03:47] The mass step is a ~0.06 mag unexplained shift in SN Ia distances
[13:03:47] correlated with host galaxy mass. TEP predicts this arises from
[13:03:47] time dilation in deeper gravitational potentials.
[13:03:47] 
[13:03:47] Loading Pantheon+ data from /Users/matthewsmawfield/www/TEP-H0/data/raw/Pantheon+SH0ES.dat
[13:03:47] Loaded 1701 SN Ia observations
[13:03:47] Columns: ['CID', 'IDSURVEY', 'zHD', 'zHDERR', 'zCMB', 'zCMBERR', 'zHEL', 'zHELERR', 'm_b_corr', 'm_b_corr_err_DIAG', 'MU_SH0ES', 'MU_SH0ES_ERR_DIAG', 'CEPH_DIST', 'IS_CALIBRATOR', 'USED_IN_SH0ES_HF', 'c', 'cERR', 'x1', 'x1ERR', 'mB', 'mBERR', 'x0', 'x0ERR', 'COV_x1_c', 'COV_x1_x0', 'COV_c_x0', 'RA', 'DEC', 'HOST_RA', 'HOST_DEC', 'HOST_ANGSEP', 'VPEC', 'VPECERR', 'MWEBV', 'HOST_LOGMASS', 'HOST_LOGMASS_ERR', 'PKMJD', 'PKMJDERR', 'NDOF', 'FITCHI2', 'FITPROB', 'm_b_corr_err_RAW', 'm_b_corr_err_VPEC', 'biasCor_m_b', 'biasCorErr_m_b', 'biasCor_m_b_COVSCALE', 'biasCor_m_b_COVADD']
[13:03:47] Unique SNe with valid host masses: 1441
[13:03:47] Host mass range: 2.00 - 11.50
[13:03:47] Redshift range: 0.010 - 0.974
[13:03:47] Hubble residual: mean = -0.0000, std = 0.1540 mag
[13:03:47] ======================================================================
[13:03:47] ANALYSIS 1: Traditional Mass Step (Binary Split)
[13:03:47] ======================================================================
[13:03:47] Threshold: log(M*) = 10.0
[13:03:47] Low-mass hosts: N = 683
[13:03:47] High-mass hosts: N = 758
[13:03:47] 
Results:
[13:03:47]   Low-mass mean residual: -0.0080 ± 0.0060 mag
[13:03:47]   High-mass mean residual: 0.0072 ± 0.0055 mag
[13:03:47]   Mass step (high - low): 0.0151 ± 0.0081 mag
[13:03:47]   t-statistic: 1.86
[13:03:47]   p-value: 6.27e-02
[13:03:47]   Significance: 1.9σ
[13:03:47] 
[13:03:47] ======================================================================
[13:03:47] ANALYSIS 2: Continuous Mass-Residual Correlation
[13:03:47] ======================================================================
[13:03:47] Spearman ρ = 0.0153, p = 5.62e-01
[13:03:47] Pearson r = 0.0088, p = 7.40e-01
[13:03:47] Linear fit: residual = 0.0011 × log(M*) + -0.0108
[13:03:47]   Slope: 0.0011 ± 0.0033 mag/dex
[13:03:47] 
[13:03:47] ======================================================================
[13:03:47] ANALYSIS 3: TEP Prediction Test (using TEP-H0 formulas)
[13:03:47] ======================================================================
[13:03:47] Median log(M*) in low-mass bin: 9.13 → σ = 44.4 km/s
[13:03:47] Median log(M*) in high-mass bin: 10.65 → σ = 106.2 km/s
[13:03:47] 
TEP Prediction using MEDIAN masses (α = 0.58, σ_ref = 75.25 km/s):
[13:03:47]   Formula: Δμ = α * log10(σ / σ_ref)  [EXACT from TEP-H0]
[13:03:47]   Predicted (no group screening): 0.2196 mag
[13:03:47]   Predicted (with group screening): 0.1277 mag
[13:03:47] 
TEP Prediction at THRESHOLD (proper comparison):
[13:03:47]   log(M*) = 9.7 → σ = 61.5 km/s
[13:03:47]   log(M*) = 10.3 → σ = 86.9 km/s
[13:03:47]   Predicted (no group screening): 0.0870 mag
[13:03:47]   Group fractions: f_low = 30%, f_high = 60%
[13:03:47]   Predicted (with group screening): 0.0501 mag
[13:03:47] 
Comparison:
[13:03:47]   This analysis: 0.0151 ± 0.0081 mag
[13:03:47]   Literature (Kelly+10): ~0.06 mag
[13:03:47]   TEP predicted: 0.0501 mag
[13:03:47]   Sign: ✓ CONSISTENT
[13:03:47]   |Literature| / |Predicted|: 1.20
[13:03:47]   |This analysis| / |Predicted|: 0.30
[13:03:47]   Tension with literature: 0.5σ
[13:03:47] 
[13:03:47] ======================================================================
[13:03:47] ANALYSIS 4: Binned Mass Analysis (Testing M^(1/3) Scaling)
[13:03:47] ======================================================================
[13:03:47] Bin 0: log(M*) = 7.84, σ = 21 km/s, residual = 0.0003 ± 0.0098 mag, Δμ_TEP = -0.321
[13:03:47] Bin 1: log(M*) = 9.37, σ = 51 km/s, residual = -0.0177 ± 0.0093 mag, Δμ_TEP = -0.098
[13:03:47] Bin 2: log(M*) = 10.05, σ = 75 km/s, residual = 0.0143 ± 0.0079 mag, Δμ_TEP = -0.000
[13:03:47] Bin 3: log(M*) = 10.57, σ = 101 km/s, residual = 0.0068 ± 0.0093 mag, Δμ_TEP = 0.075
[13:03:47] Bin 4: log(M*) = 11.14, σ = 141 km/s, residual = -0.0037 ± 0.0090 mag, Δμ_TEP = 0.158
[13:03:47] 
Bin-level correlation (Δμ_TEP vs residual):
[13:03:47]   Spearman ρ = 0.100, p = 0.873
[13:03:47] 
[13:03:47] ======================================================================
[13:03:47] SUMMARY
[13:03:47] ======================================================================
[13:03:47] Observed mass step: 0.0151 ± 0.0081 mag
[13:03:47] TEP predicted: 0.0501 mag
[13:03:47] Sign consistent: True
[13:03:47] Ratio |obs|/|pred|: 0.30
[13:03:47] 
✓ TEP PREDICTION CONSISTENT WITH LITERATURE
[13:03:47]   The SN Ia mass step may be a manifestation of TEP.
[13:03:47] 
[13:03:47] Results saved to: /Users/matthewsmawfield/www/TEP-JWST/results/outputs/step_010_sn_ia_mass_step.json
