[13:03:53] ======================================================================
[13:03:53] TEP-JWST Step 017: Mass-to-Light Ratio Analysis
[13:03:53] ======================================================================
[13:03:53] 
[13:03:53] Loading JADES data...
[13:03:53] Loaded 527 JADES galaxies
[13:03:53] Loading raw JADES catalog...
[13:03:55] Loaded 94000 raw JADES candidates
[13:03:55] ======================================================================
[13:03:55] TEST 1: Age Excess Distribution
[13:03:55] ======================================================================
[13:03:55] Sample size: N = 422
[13:03:55] Age excess range: -0.572 to -0.098 Gyr
[13:03:55] 
Correlation (age_excess vs Γ_t):
[13:03:55]   Spearman ρ = 0.136, p = 0.0050
[13:03:55] 
✗ No negative correlation detected
[13:03:55] 
Fraction with age_excess < 0 by Γ_t bin:
[13:03:55]   Γ_t = [0.0, 0.3): N = 289, anomalous = 100.0%
[13:03:55]   Γ_t = [0.3, 0.5): N = 61, anomalous = 100.0%
[13:03:55]   Γ_t = [0.5, 0.7): N = 19, anomalous = 100.0%
[13:03:55]   Γ_t = [0.7, 1.0): N = 25, anomalous = 100.0%
[13:03:55]   Γ_t = [1.0, 5.0): N = 19, anomalous = 100.0%
[13:03:55] ======================================================================
[13:03:55] TEST 2: Photo-z Scatter
[13:03:55] ======================================================================
[13:03:55] Sample size: N = 84291
[13:03:55] 
Correlation (z_phot_err vs Γ_t):
[13:03:55]   Spearman ρ = -0.074, p = 0.0000
[13:03:55] 
⚠ No significant correlation
[13:03:55] ======================================================================
[13:03:55] TEST 3: SED Fit Quality (χ²)
[13:03:55] ======================================================================
[13:03:55] Sample size: N = 84291
[13:03:55] χ² range: 0.0 to 788.1
[13:03:55] 
Correlation (χ² vs Γ_t):
[13:03:55]   Spearman ρ = 0.049, p = 0.0000
[13:03:55] 
✓ Higher Γ_t → worse SED fit (TEP-consistent)
[13:03:55]   Standard models fail for TEP-affected galaxies
[13:03:55] ======================================================================
[13:03:55] TEST 4: Mass-to-Light Ratio Anomaly
[13:03:55] ======================================================================
[13:03:55] Sample size: N = 422
[13:03:55] 
Correlation (M/L proxy vs Γ_t):
[13:03:55]   Spearman ρ = 0.599, p = 0.0000
[13:03:55] 
✓ Higher Γ_t → higher M/L (TEP-consistent)
[13:03:55]   TEP inflates mass-to-light ratios
[13:03:55] 
Partial correlation (controlling for z):
[13:03:55]   Spearman ρ = 0.741, p = 0.0000
[13:03:55] ======================================================================
[13:03:55] TEST 5: Spec-z vs Photo-z Offset
[13:03:55] ======================================================================
[13:03:55] Galaxies with both z_spec and z_phot: N = 0
[13:03:55] Insufficient sample for spec-phot analysis
[13:03:55] 
[13:03:55] ======================================================================
[13:03:55] SUMMARY
[13:03:55] ======================================================================
[13:03:55] ⚠ age_excess: Not significant
[13:03:55] ⚠ photoz_scatter: Not significant
[13:03:55] ✓ sed_quality: TEP-consistent
[13:03:55] ✓ mass_to_light: TEP-consistent
[13:03:55] 
Tests passed: 2/4
[13:03:55] 
Results saved to: /Users/matthewsmawfield/www/TEP-JWST/results/outputs/step_017_ml_ratio.json
