[13:04:42]     ======================================================================
[13:04:42]     STEP 061: Extreme Cases Analysis
[13:04:42]     ======================================================================
[13:04:42]     
Loaded N = 2315 galaxies
[13:04:42]     
======================================================================
[13:04:42]     EXTREME CASE 1: The Oldest Galaxies
[13:04:42]     ======================================================================
[13:04:42]     Galaxies with age_ratio > 0.5 (age > 50% of cosmic age)

[13:04:42]     age_ratio > 0.3: N = 50, <Γ_t> = 3.86, ratio = 5.9×
[13:04:42]     age_ratio > 0.4: N = 20, <Γ_t> = 7.84, ratio = 11.9×
[13:04:42]     age_ratio > 0.5: N = 9, <Γ_t> = 14.36, ratio = 21.6×
[13:04:42]     age_ratio > 0.6: N = 6, <Γ_t> = 19.96, ratio = 29.9×
[13:04:42]     
Top 10 oldest galaxies:
[13:04:42]       ID 744: age_ratio = 0.934, Γ_t = 20.15, z = 9.93
[13:04:42]       ID 588: age_ratio = 0.693, Γ_t = 62.49, z = 9.59
[13:04:42]       ID 497: age_ratio = 0.692, Γ_t = 25.59, z = 9.84
[13:04:42]       ID 688: age_ratio = 0.636, Γ_t = 9.11, z = 9.83
[13:04:42]       ID 783: age_ratio = 0.612, Γ_t = 0.49, z = 4.71
[13:04:42]       ID 1858: age_ratio = 0.604, Γ_t = 1.92, z = 4.03
[13:04:42]       ID 1192: age_ratio = 0.552, Γ_t = 4.11, z = 9.74
[13:04:42]       ID 287: age_ratio = 0.534, Γ_t = 2.49, z = 5.99
[13:04:42]       ID 959: age_ratio = 0.514, Γ_t = 2.89, z = 9.34
[13:04:42]       ID 926: age_ratio = 0.470, Γ_t = 5.19, z = 9.87
[13:04:42]     
======================================================================
[13:04:42]     EXTREME CASE 2: The Dustiest Galaxies at z > 9
[13:04:42]     ======================================================================
[13:04:42]     At z > 9, t_cosmic < 550 Myr. High dust is 'anomalous'.

[13:04:42]     z > 9 sample: N = 104
[13:04:42]     Dusty (A_V > 0.5): N = 60
[13:04:42]     <Γ_t> dusty: 5.22
[13:04:42]     <Γ_t> not dusty: 0.27
[13:04:42]     Ratio: 19.3×
[13:04:42]     
======================================================================
[13:04:42]     EXTREME CASE 3: The Most Massive at z > 8
[13:04:42]     ======================================================================
[13:04:42]     Massive galaxies at high-z are 'anomalous' under standard physics.

[13:04:42]     z > 8 sample: N = 283
[13:04:42]     Massive (log M* > 9.5): N = 16
[13:04:42]     <Γ_t> massive: 24.31
[13:04:42]     <Γ_t> not massive: 0.41
[13:04:42]     Ratio: 60.0×
[13:04:42]     
<Dust> massive: 2.091
[13:04:42]     <Dust> not massive: 0.715
[13:04:42]     
======================================================================
[13:04:42]     EXTREME CASE 4: The Worst SED Fits
[13:04:42]     ======================================================================
[13:04:42]     High chi2 indicates isochrony violation (TEP signature).

[13:04:42]     z > 8 sample: N = 283
[13:04:42]     Worst fits (top 10%): N = 29
[13:04:42]     <Γ_t> worst fits: 8.02
[13:04:42]     <Γ_t> good fits: 1.04
[13:04:42]     Ratio: 7.7×
[13:04:42]     
======================================================================
[13:04:42]     EXTREME CASE 5: Multi-Extreme Galaxies
[13:04:42]     ======================================================================
[13:04:42]     Galaxies extreme in MULTIPLE properties simultaneously.

[13:04:42]     Mean Γ_t by number of extreme properties:
[13:04:42]       N_extreme = 0: <Γ_t> = 0.25 (N = 128)
[13:04:42]       N_extreme = 1: <Γ_t> = 0.50 (N = 80)
[13:04:42]       N_extreme = 2: <Γ_t> = 0.83 (N = 35)
[13:04:42]       N_extreme = 3: <Γ_t> = 9.96 (N = 26)
[13:04:42]       N_extreme = 4: <Γ_t> = 9.84 (N = 14)
[13:04:42]     
ρ(N_extreme, Γ_t) = 0.546 (p = 2.00e-23)
[13:04:42]     
======================================================================
[13:04:42]     EXTREME CASE 6: The 'Anomalous' Population
[13:04:42]     ======================================================================
[13:04:42]     Galaxies that violate multiple standard physics constraints.

[13:04:42]     z > 9 sample: N = 104
[13:04:42]     'Anomalous' (age_ratio > 0.4 AND dust > 0.3): N = 10
[13:04:42]     <Γ_t> anomalous: 13.49
[13:04:42]     <Γ_t> possible: 2.02
[13:04:42]     Ratio: 6.7×
[13:04:42]     
======================================================================
[13:04:42]     SUMMARY: Extreme Cases Analysis
[13:04:42]     ======================================================================
[13:04:42]     
Key findings:
[13:04:42]       • dusty_z9: 19.3× elevation in Γ_t
[13:04:42]       • massive_z8: 60.0× elevation in Γ_t
[13:04:42]       • worst_fits: 7.7× elevation in Γ_t
[13:04:42]       • anomalous: 6.7× elevation in Γ_t
[13:04:42]     
Saved to /Users/matthewsmawfield/www/TEP-JWST/results/outputs/step_061_extreme_cases.json
