[10:01:19]     ============================================================
[10:01:19]     STEP 8: Threads 2-4 - Partial Correlations
[10:01:19]     ============================================================
[10:01:19]     Loaded full sample: N = 2315
[10:01:19]     Loaded multi-property sample: N = 1108
[10:01:19]     
==================================================
[10:01:19]     THREAD 2: Γ_t vs Age Ratio
[10:01:19]     ==================================================
[10:01:19]     Raw correlation: rho = -0.006, p = 7.72e-01
[10:01:21]       N = 2315
[10:01:21]       ρ(Γ_t, age_ratio | z) = 0.089, p = 1.88e-05
[10:01:21]       ρ(Γ_t, age_ratio | z, M*) = 0.006, p = 7.86e-01
[10:01:21]       ★ SIGNIFICANT (z-control): True
[10:01:21]       ★ SIGNIFICANT (z+M* control): False
[10:01:21]     
==================================================
[10:01:21]     THREAD 3: Γ_t vs Metallicity
[10:01:21]     ==================================================
[10:01:21]     Raw correlation: rho = 0.269, p = 7.98e-20
[10:01:22]       N = 1108
[10:01:22]       ρ(Γ_t, metallicity | z) = 0.159, p = 1.12e-07
[10:01:22]       ρ(Γ_t, metallicity | z, M*) = 0.022, p = 4.73e-01
[10:01:22]       ★ SIGNIFICANT (z-control): True
[10:01:22]       ★ SIGNIFICANT (z+M* control): False
[10:01:22]     
==================================================
[10:01:22]     THREAD 4: Γ_t vs Dust
[10:01:22]     ==================================================
[10:01:22]     Raw correlation: rho = 0.212, p = 1.10e-12
[10:01:23]       N = 1108
[10:01:23]       ρ(Γ_t, dust | z) = 0.318, p = 1.54e-27
[10:01:23]       ρ(Γ_t, dust | z, M*) = 0.097, p = 1.24e-03
[10:01:23]       ★ SIGNIFICANT (z-control): True
[10:01:23]       ★ SIGNIFICANT (z+M* control): True
[10:01:23]     
==================================================
[10:01:23]     SUMMARY
[10:01:23]     ==================================================
[10:01:23]     Thread 2 (Γ_t vs Age):        ✓
[10:01:23]     Thread 3 (Γ_t vs Metallicity): ✓
[10:01:23]     Thread 4 (Γ_t vs Dust):        ✓
[10:01:23] 
[10:01:23]     Step 005 complete.
