[04:32:00]     ======================================================================
[04:32:00]     STEP 142: LRD M_BH/M_* Combined Growth Model
[04:32:00]     ======================================================================
[04:32:00]     Loaded step_132 population: N=260, median ΔΓ=0.328, median log_boost=3.24
[04:32:00]     
Loaded real LRD sample: N=253, median z=5.55, median log_M*=8.28, median Re=91 pc
[04:32:00]     Direct-mass CEERS overlap: N=40, median log_M*=9.69, median Δlog_M*(direct - MUV)=+1.43
[04:32:00]     Observed LRD M_BH/M*: 0.010–0.050 (median 0.032)
[04:32:00]     
Sample shear summary: median ΔΓ=0.001, median concentration=5.5, median t_cos=1.028 Gyr
[04:32:00]     
======================================================================
[04:32:00]     GROWTH SCENARIO COMPARISON
[04:32:00]     ======================================================================
[04:32:00]       Standard (no TEP)                                   median log(M_BH/M*)=-3.00  offset=-1.50 dex  ✗ gap remains
[04:32:00]       TEP-only (100 M_sun seed, Eddington)                median log(M_BH/M*)=-6.26  offset=-4.76 dex  ✗ gap remains
[04:32:00]       TEP + intermediate seed (10^3 M_sun)                median log(M_BH/M*)=-5.26  offset=-3.76 dex  ✗ gap remains
[04:32:00]       TEP + mild super-Eddington (f=1.3, 100 M_sun)       median log(M_BH/M*)=-6.23  offset=-4.73 dex  ✗ gap remains
[04:32:00]       TEP combined (500 M_sun, f=1.1)                     median log(M_BH/M*)=-5.55  offset=-4.05 dex  ✗ gap remains
[04:32:00]     
Monte Carlo error propagation (N=5000)...
[04:32:00]       TEP + intermediate seed (10^3 M_sun)     sample median=-4.35, 95% CI [-4.80, -3.97], in-range=0.0%
[04:32:01]       TEP + mild super-Eddington (f=1.3, 100 M_sun) sample median=-5.12, 95% CI [-5.68, -4.62], in-range=0.0%
[04:32:01]       TEP combined (500 M_sun, f=1.1)          sample median=-4.59, 95% CI [-5.06, -4.16], in-range=0.0%
[04:32:01]     
Empirical CEERS-calibrated branch: N=253, LOO MAE=0.29 dex, median log_M*=9.64, median ΔΓ=0.012
[04:32:01]       TEP-only (100 M_sun seed, Eddington)                median log(M_BH/M*)=-7.16  offset=-5.66 dex
[04:32:01]       TEP + intermediate seed (10^3 M_sun)                median log(M_BH/M*)=-6.16  offset=-4.66 dex
[04:32:01]       TEP + mild super-Eddington (f=1.3, 100 M_sun)       median log(M_BH/M*)=-7.09  offset=-5.59 dex
[04:32:01]       TEP combined (500 M_sun, f=1.1)                     median log(M_BH/M*)=-6.43  offset=-4.93 dex
[04:32:01]       MC TEP + intermediate seed (10^3 M_sun)        median=0.00, 95% CI [-2.69, 0.00], in-range=2.5%
[04:32:01]       MC TEP + mild super-Eddington (f=1.3, 100 M_sun) median=0.00, 95% CI [-2.49, 0.00], in-range=1.7%
[04:32:01]       MC TEP combined (500 M_sun, f=1.1)             median=0.00, 95% CI [-2.59, 0.00], in-range=1.9%
[04:32:01]     
CEERS direct-mass subset: median ΔΓ=0.114, median log_M*=9.69
[04:32:01]       TEP-only (100 M_sun seed, Eddington)                median log(M_BH/M*)=-6.45  offset=-4.95 dex
[04:32:01]       TEP + intermediate seed (10^3 M_sun)                median log(M_BH/M*)=-5.45  offset=-3.95 dex
[04:32:01]       TEP + mild super-Eddington (f=1.3, 100 M_sun)       median log(M_BH/M*)=-6.14  offset=-4.64 dex
[04:32:01]       TEP combined (500 M_sun, f=1.1)                     median log(M_BH/M*)=-5.63  offset=-4.13 dex
[04:32:01]     
======================================================================
[04:32:01]     GAP CLOSURE SUMMARY
[04:32:01]     ======================================================================
[04:32:01]       Conservative MUV-proxy TEP-only offset: -4.76 dex
[04:32:01]       Empirical CEERS-calibrated median S1:  -5.66 dex
[04:32:01]     
Assessment: combined_model_narrows_gap_under_conservative_mass_proxy
[04:32:01]     Saved: /Users/matthewsmawfield/www/Temporal Equivalence Principle/TEP-JWST/results/interim/step_142_lrd_mbh_mstar_prediction.csv
[04:32:01] Saved: /Users/matthewsmawfield/www/Temporal Equivalence Principle/TEP-JWST/results/outputs/step_142_lrd_mbh_mstar_prediction.json
[04:32:01]     Step 142 complete.
