[14:23:11] ======================================================================
[14:23:11] TEP-JWST Step 13: TRGB vs Cepheid Distance Comparison
[14:23:11] ======================================================================
[14:23:11] 
[14:23:11] Testing TEP prediction: Cepheids in dense disk regions should
[14:23:11] show systematic offset from TRGB stars in diffuse halo regions.
[14:23:11] 
[14:23:11] Loading TRGB-Cepheid comparison data...
[14:23:11] Loaded 16 galaxies with both TRGB and Cepheid distances
[14:23:11] ======================================================================
[14:23:11] ANALYSIS 1: TRGB-Cepheid Systematic Offset
[14:23:11] ======================================================================
[14:23:11] Sample size: N = 16
[14:23:11] Mean offset (TRGB - Cepheid): 0.054 ± 0.004 mag
[14:23:11] Weighted mean offset: 0.053 ± 0.018 mag
[14:23:11] t-statistic: 15.40, p = 0.0000
[14:23:11] Significance: 15.4σ
[14:23:11] 
TEP Interpretation:
[14:23:11]   TRGB distances are LARGER than Cepheid distances
[14:23:11]   → Cepheids appear too bright (closer) due to TEP
[14:23:11]   → Consistent with TEP: Cepheids in denser disk regions
[14:23:11] ======================================================================
[14:23:11] ANALYSIS 2: Offset vs Host Galaxy Mass
[14:23:11] ======================================================================
[14:23:11] Spearman ρ = -0.145, p = 0.5920
[14:23:11] Pearson r = -0.338, p = 0.2010
[14:23:11] 
Linear fit: Δμ = -0.012 × log(M*) + 0.182
[14:23:11]   Slope: -0.012 ± 0.009 mag/dex
[14:23:11] 
Mass split at log(M*) = 10.5:
[14:23:11]   Low-mass (N=8): Δμ = 0.057 ± 0.003 mag
[14:23:11]   High-mass (N=8): Δμ = 0.051 ± 0.006 mag
[14:23:11] 
⚠ Negative or no correlation
[14:23:11] ======================================================================
[14:23:11] ANALYSIS 3: Offset vs Morphological Type
[14:23:11] ======================================================================
[14:23:11] Spearman ρ (T-type vs offset) = 0.168, p = 0.5350
[14:23:11] 
Morphology split:
[14:23:11]   Early-type (T≤3, N=5): Δμ = 0.054 mag
[14:23:11]   Late-type (T>3, N=11): Δμ = 0.055 mag
[14:23:11] ======================================================================
[14:23:11] ANALYSIS 4: TEP Prediction for TRGB-Cepheid Offset
[14:23:11] ======================================================================
[14:23:11] TEP Parameters:
[14:23:11]   α = 0.58
[14:23:11]   σ_ref = 75.25 km/s
[14:23:11]   σ_disk (Cepheids) = 40.0 km/s
[14:23:11]   σ_halo (TRGB) = 120.0 km/s
[14:23:11] 
TEP Corrections:
[14:23:11]   Δμ_Cepheid = -0.159 mag
[14:23:11]   Δμ_TRGB = 0.118 mag
[14:23:11] 
Predicted Offset (TRGB - Cepheid):
[14:23:11]   0.277 mag
[14:23:11] 
Observed Offset:
[14:23:11]   0.054 ± 0.004 mag
[14:23:11] 
Ratio (Observed / Predicted): 0.20
[14:23:11] 
Clock Acceleration (Period Contraction):
[14:23:11]   Implied Γ_t: 1.2102
[14:23:11]   Period Contraction: 17.37%
[14:23:11]   Matches 'Paper 11' phenomenology.
[14:23:11] 
[14:23:11] ======================================================================
[14:23:11] SUMMARY
[14:23:11] ======================================================================
[14:23:11] Observed TRGB-Cepheid offset: 0.054 ± 0.004 mag
[14:23:11] TEP predicted offset: 0.277 mag
[14:23:11] 
⚠ Offset sign is correct but magnitude differs
[14:23:11] 
Results saved to: /Users/matthewsmawfield/www/Temporal Equivalence Principle/TEP-JWST/results/outputs/step_013_trgb_cepheid.json
