[13:04:05] ======================================================================
[13:04:05] TEP-JWST Step 23: Self-Consistency Tests
[13:04:05] ======================================================================
[13:04:05] 
[13:04:05] Testing internal consistency of TEP predictions.
[13:04:05] 
[13:04:05] Loading UNCOVER data...
[13:04:05] Loaded 2315 galaxies
[13:04:05] ======================================================================
[13:04:05] TEST 1: Self-Consistency Test
[13:04:05] ======================================================================
[13:04:05] 
Optimal α for age_ratio: 0.108
[13:04:05] 
Optimal α for mwa_Gyr: 0.288
[13:04:05] 
Self-consistency:
[13:04:05]   Mean α: 0.198
[13:04:05]   Std α: 0.090
[13:04:05]   CV: 0.453
[13:04:05] ⚠ α varies across observables
[13:04:05] ======================================================================
[13:04:05] TEST 2: Prediction Inversion
[13:04:05] ======================================================================
[13:04:05] Forward (Γ_t → age_ratio): ρ = 0.048, p = 0.0212
[13:04:06] 
Inverse prediction (properties → Γ_t):
[13:04:06]   Cross-validated R²: -0.925 ± 0.814
[13:04:06]   Spearman ρ (actual vs predicted Γ_t): -0.279
[13:04:06] ⚠ Weak inverse prediction
[13:04:06] ======================================================================
[13:04:06] TEST 3: Bootstrap Test
[13:04:06] ======================================================================
[13:04:06] Train set: N = 1157
[13:04:06] Test set: N = 1158
[13:04:06] 
Train set:
[13:04:06]   Optimal α: 0.113
[13:04:06]   Scatter (corrected): 0.3510
[13:04:06] 
Test set (using α from train):
[13:04:06]   Scatter (no TEP): 0.0623
[13:04:06]   Scatter (TEP-corrected): 0.0674
[13:04:06]   Reduction: -8.2%
[13:04:06] ⚠ TEP correction does not improve test set
[13:04:06] ======================================================================
[13:04:06] TEST 4: Redshift Ladder
[13:04:06] ======================================================================
[13:04:06] z = [7, 9): N = 400, α = 0.100
[13:04:06] z = [9, 11): N = 104, α = 0.135
[13:04:06] ======================================================================
[13:04:06] TEST 5: Coherence Matrix
[13:04:06] ======================================================================
[13:04:06] Correlation matrix (Spearman):
[13:04:06]            gamma_t  age_ratio  mwa_Gyr  t_eff_Gyr  log_Mstar
gamma_t      1.000      0.048    0.383      0.916      0.864
age_ratio    0.048      1.000    0.647      0.021      0.114
mwa_Gyr      0.383      0.647    1.000      0.552      0.135
t_eff_Gyr    0.916      0.021    0.552      1.000      0.655
log_Mstar    0.864      0.114    0.135      0.655      1.000
[13:04:06] 
Γ_t correlations:
[13:04:06]   age_ratio: ρ = 0.048
[13:04:06]   mwa_Gyr: ρ = 0.383
[13:04:06]   t_eff_Gyr: ρ = 0.916
[13:04:06]   log_Mstar: ρ = 0.864
[13:04:06] 
Mean |ρ| with Γ_t: 0.553
[13:04:06] ✓ 3/4 properties correlate with Γ_t
[13:04:06]   Structured correlations detected
[13:04:06] 
First eigenvalue explains 57.9% of variance
[13:04:06] ✓ Single dominant factor (consistent with TEP as hidden variable)
[13:04:06] 
[13:04:06] ======================================================================
[13:04:06] SUMMARY: Self-Consistency Results
[13:04:06] ======================================================================
[13:04:06] ✓ Coherence matrix: Structured correlations
[13:04:06] 
Tests passed: 1/5
[13:04:06] 
Results saved to: /Users/matthewsmawfield/www/TEP-JWST/results/outputs/step_023_self_consistency.json
