[16:59:10]     ======================================================================
[16:59:10]     STEP 063: Correlation Deep Dive
[16:59:10]     ======================================================================
[16:59:10]     
Loaded N = 2315 galaxies
[16:59:10]     
======================================================================
[16:59:10]     TEST 1: Correlation Coefficients Comparison
[16:59:10]     ======================================================================
[16:59:10]     Comparing different correlation measures.

[16:59:10]     Γ_t vs Dust:
[16:59:10]       Spearman ρ = 0.5929 (p = 3.00e-28)
[16:59:10]       Pearson r = 0.4013 (p = 2.24e-12)
[16:59:10]       Kendall τ = 0.4353 (p = 9.50e-28)
[16:59:10]     
======================================================================
[16:59:10]     TEST 2: The Functional Form Discrimination Comparison (t_eff vs t_cosmic)
[16:59:10]     ======================================================================
[16:59:10]     This is the CRITICAL SIGNAL evidence for TEP.

[16:59:10]     ρ(t_cosmic, Dust) = -0.0063 (p = 9.17e-01)
[16:59:10]     ρ(t_eff, Dust) = +0.5988 (p = 6.41e-29)
[16:59:10]     
Improvement: Δρ = +0.6050
[16:59:10]     
★★★ CRITICAL SIGNAL CONFIRMED ★★★
[16:59:10]     t_cosmic has NO predictive power
[16:59:10]     t_eff has STRONG predictive power
[16:59:10]     This is ANOMALOUS under standard physics
[16:59:10]     
======================================================================
[16:59:10]     TEST 3: Binned Analysis
[16:59:10]     ======================================================================
[16:59:10]     Mean dust in bins of t_eff vs t_cosmic.

[16:59:10]     Binned by t_cosmic:
[16:59:10]       Q1: <Dust> = 0.730 (N = 71)
[16:59:10]       Q2: <Dust> = 0.859 (N = 70)
[16:59:10]       Q3: <Dust> = 0.723 (N = 71)
[16:59:10]       Q4: <Dust> = 0.860 (N = 70)
[16:59:10]     
Binned by t_eff:
[16:59:10]       Q1: <Dust> = 0.457 (N = 71)
[16:59:10]       Q2: <Dust> = 0.652 (N = 70)
[16:59:10]       Q3: <Dust> = 0.817 (N = 71)
[16:59:10]       Q4: <Dust> = 1.233 (N = 70)
[16:59:10]     
======================================================================
[16:59:10]     TEST 4: Monotonicity Check
[16:59:10]     ======================================================================
[16:59:10]     Is the relationship monotonic?

[16:59:10]     Running mean increases: 8/9
[16:59:10]     Monotonicity rate: 88.9%
[16:59:10]     ✓ Relationship is approximately monotonic
[16:59:10]     
======================================================================
[16:59:10]     TEST 5: Extreme Tails
[16:59:10]     ======================================================================
[16:59:10]     Do the extreme tails follow the pattern?

[16:59:10]     Top 10% t_eff: <Dust> = 1.743
[16:59:10]     Bottom 10% t_eff: <Dust> = 0.315
[16:59:10]     Ratio: 5.54×
[16:59:10]     
Top 10% t_cosmic: <Dust> = 0.630
[16:59:10]     Bottom 10% t_cosmic: <Dust> = 0.738
[16:59:10]     Ratio: 0.85×
[16:59:10]     
======================================================================
[16:59:10]     THE ULTIMATE SUMMARY
[16:59:10]     ======================================================================
[16:59:10]     
┌─────────────────────────────────────────────────────────────────┐
[16:59:10]     │                    THE CRITICAL SIGNAL EVIDENCE                     │
[16:59:10]     ├─────────────────────────────────────────────────────────────────┤
[16:59:10]     │                                                                 │
[16:59:10]     │  Standard Physics Prediction:                                   │
[16:59:10]     │    • Dust should correlate with cosmic time                     │
[16:59:10]     │    • More time → more dust production                           │
[16:59:10]     │                                                                 │
[16:59:10]     │  Observation:                                                   │
[16:59:10]     │    • ρ(t_cosmic, Dust) = -0.0063 ← ZERO                        │
[16:59:10]     │                                                                 │
[16:59:10]     │  TEP Prediction:                                                │
[16:59:10]     │    • Dust should correlate with effective time                  │
[16:59:10]     │    • t_eff = t_cosmic × Γ_t                                     │
[16:59:10]     │                                                                 │
[16:59:10]     │  Observation:                                                   │
[16:59:10]     │    • ρ(t_eff, Dust) = +0.5988 ← STRONG                        │
[16:59:10]     │                                                                 │
[16:59:10]     │  Improvement:                                                   │
[16:59:10]     │    • Δρ = +0.6050                                            │
[16:59:10]     │                                                                 │
[16:59:10]     │  Conclusion:                                                    │
[16:59:10]     │    • This is ANOMALOUS under standard physics                  │
[16:59:10]     │    • TEP is adding REAL physical information                    │
[16:59:10]     │                                                                 │
[16:59:10]     └─────────────────────────────────────────────────────────────────┘
[16:59:10]     
Saved to /Users/matthewsmawfield/www/TEP-JWST/results/outputs/step_063_correlation_deep_dive.json
