[19:44:36]     ======================================================================
[19:44:36]     STEP 106: Emission Line Diagnostic Predictions
[19:44:36]     ======================================================================
[19:44:36]     
--- TEP Predictions for Emission Lines ---
[19:44:36]     
[OIII]5007/Hβ ratio:
[19:44:36]       Prediction: Weak or no correlation
[19:44:36]       Reason: Gas-phase metallicity reflects recent enrichment, not integrated history
[19:44:36]       Falsification: Strong positive correlation (ρ > 0.3) would contradict TEP
[19:44:36]     
Stellar metallicity [Z/H]:
[19:44:36]       Prediction: Positive correlation
[19:44:36]       Reason: Stellar metallicity integrates over effective time, enhanced by Gamma_t
[19:44:36]       Falsification: No correlation (ρ < 0.1) would contradict TEP
[19:44:36]     
Gas metallicity - Stellar metallicity:
[19:44:36]       Prediction: Negative offset in high-Gamma_t systems
[19:44:36]       Reason: High-Gamma_t systems have older stellar populations but similar gas
[19:44:36]       Falsification: Positive offset in high-Gamma_t systems would contradict TEP
[19:44:36]     
[NII]6583/Hα ratio:
[19:44:36]       Prediction: Weak correlation (similar to [OIII]/Hβ)
[19:44:36]       Reason: Nitrogen abundance is gas-phase, not integrated
[19:44:36]       Falsification: Strong correlation (ρ > 0.3) would contradict TEP
[19:44:36]     
--- Simulated Emission Line Test ---
[19:44:36]     
Simulation (N = 500):
[19:44:36]       Stellar Z vs Γₜ: ρ = 0.671
[19:44:36]       Gas Z vs Γₜ: ρ = 0.030
[19:44:36]       [OIII]/Hβ vs Γₜ: ρ = 0.003
[19:44:36]       Mean (Z_stellar - Z_gas): 0.07 dex
[19:44:36]     
======================================================================
[19:44:36]     KEY DISCRIMINANT
[19:44:36]     ======================================================================
[19:44:36]     
TEP predicts a DIFFERENTIAL response:
[19:44:36]       • Stellar metallicity: STRONG correlation with Γₜ (integrated history)
[19:44:36]       • Gas metallicity: WEAK correlation with Γₜ (recent enrichment)
[19:44:36]       • [OIII]/Hβ: WEAK correlation (traces gas, not stellar)
[19:44:36]     
Standard physics predicts:
[19:44:36]       • Both stellar and gas metallicity should correlate similarly with mass
[19:44:36]       • No differential based on Γₜ
[19:44:36]     
Falsification test:
[19:44:36]       If [OIII]/Hβ shows STRONG correlation with Γₜ (ρ > 0.3),
[19:44:36]       TEP is falsified because gas-phase should not track integrated time.
[19:44:36]     
--- Observing Requirements ---
[19:44:36]       Instrument: JWST NIRSpec (R ~ 1000-2700)
[19:44:36]       Lines needed: [OIII]5007, Hβ, [NII]6583, Hα
[19:44:36]       Sample: N ≥ 30 galaxies at z > 6 with both emission and absorption
[19:44:36]       Integration: ~5-10 hours per target for SNR > 5 on weak lines
[19:44:36]     
Results saved to /Users/matthewsmawfield/www/TEP-JWST/results/outputs/step_106_emission_line_diagnostic.json
[19:44:36]     Figure saved to /Users/matthewsmawfield/www/TEP-JWST/results/figures/figure_106_emission_line.png
[19:44:36]     
Step 106 complete.
