[19:35:57]     ======================================================================
[19:35:57]     STEP 140: Final Synthesis
[19:35:57]     ======================================================================
[19:35:57]     
Loaded N = 2315 galaxies
[19:35:57]     
======================================================================
[19:35:57]     LIVE SYNTHESIS
[19:35:57]     ======================================================================
[19:35:57]       Live primary lines: 2
[19:35:57]       Skipped primary lines: 0
[19:35:57]       Missing primary lines: 0
[19:35:57]       L1: Fisher z = 24.45σ across 3 datasets
[19:35:57]       L3: Δρ = 0.250, high-z ρ = 0.087
[19:35:57]       L4 (derived_from_real_data): published excess 0.150 dex, TEP reduction 0.400 dex
[19:35:57]       L5 (live kinematics): kinematic_support_with_small_sample_caveat; ρ(Age, M_star|z)=0.493 (p=6.199e-02) vs ρ(Age, Γ_dyn|z)=0.733 (p=1.881e-03); ρ(Age, Γ_dyn|M_star,z)=0.624 vs ρ(Age, M_star|Γ_dyn,z)=-0.036; Steiger Z=1.457
[19:35:57]       α₀ concordance: JWST 0.570 ± 0.097; external Cepheid prior 0.580 ± 0.160; agreement = 0.05σ (p = 0.291)
[19:35:57]       Cross-survey generalization: mean Δρ = 0.021; mean polynomial R² drop = 3.063
[19:35:57]       Adversarial information: z>8 CMI z = 28.48; mean cross-survey Δρ = 0.014
[19:35:57]       Functional-form discrimination: step ΔAIC = -4.78
[19:35:57]       Mass-bias attenuation: ρ_true ≈ 0.435; β=0.7 observed ρ ≈ 0.285
[19:35:57]       JADES DR5 morphology: supportive partials = 4; strongest = sigma_star_z_gt_7
[19:35:57]       COSMOS2025 blank-field L3: matched_z8_9_supportive_but_ultrahighz_selection_sensitive
[19:35:57]       UNCOVER z=9-12 audit: The z=9-12 null is likely sensitivity-limited: the tail sample is smaller and/or the dust posteriors are more compressed or uncertain than in z=8-9.
[19:35:57]       Environmental screening: full-sample Δρ = 0.192; z>8 Δρ = 0.003 (p = 0.966)
[19:35:57]     
Saved to /Users/matthewsmawfield/www/TEP-JWST/results/outputs/step_140_evidence_tier_summary.json
