[14:23:25] ======================================================================
[14:23:25] TEP-JWST Step 024: Cosmological Implications
[14:23:25] ======================================================================
[14:23:25] 
[14:23:25] Examining cosmological implications of TEP corrections.
[14:23:25] 
[14:23:25] Loading data...
[14:23:25] UNCOVER: N = 2315
[14:23:25] JADES: N = 527
[14:23:25] ======================================================================
[14:23:25] TEST 1: Formation Redshift Prediction
[14:23:25] ======================================================================
[14:23:25] 
Observed age = [0, 0.05) Gyr (N = 70):
[14:23:25]   Γ_t vs t_form: ρ = 0.136, p = 0.2612
[14:23:25] 
Observed age = [0.05, 0.1) Gyr (N = 345):
[14:23:25]   Γ_t vs t_form: ρ = 0.636, p = 0.0000
[14:23:25]   ✓ High-Γ_t galaxies formed more recently (TEP-consistent)
[14:23:25] 
Observed age = [0.1, 0.2) Gyr (N = 1230):
[14:23:25]   Γ_t vs t_form: ρ = 0.682, p = 0.0000
[14:23:25]   ✓ High-Γ_t galaxies formed more recently (TEP-consistent)
[14:23:25] 
Observed age = [0.2, 0.5) Gyr (N = 660):
[14:23:25]   Γ_t vs t_form: ρ = 0.026, p = 0.5012
[14:23:25] 
Positive correlations: 4/4
[14:23:25] ✓ Formation redshift prediction confirmed
[14:23:25] ======================================================================
[14:23:25] TEST 2: Stellar Mass Density Prediction
[14:23:25] ======================================================================
[14:23:25] Total stellar mass (raw): 1.88e+12 M_sun
[14:23:25] Total stellar mass (TEP-corrected): 1.52e+12 M_sun
[14:23:25] Reduction: 19.3%
[14:23:25] 
By redshift:
[14:23:25]   z = [7, 10): 36.2% reduction
[14:23:25] 
✓ Significant mass density reduction (TEP-consistent)
[14:23:25] ======================================================================
[14:23:25] TEST 3: sSFR Floor Prediction
[14:23:25] ======================================================================
[14:23:25] sSFR floor (5th percentile):
[14:23:25]   Raw: 3.15 Gyr^-1
[14:23:25]   TEP-corrected: 3.09 Gyr^-1
[14:23:25]   Floor shift: -2.0%
[14:23:25] 
Galaxies near floor (< 1.1 × floor):
[14:23:25]   Raw: 186
[14:23:25]   TEP-corrected: 224
[14:23:25] 
⚠ sSFR floor shift is small
[14:23:25] ======================================================================
[14:23:25] TEST 4: Age-Metallicity Relation
[14:23:25] ======================================================================
[14:23:25] Age-MUV correlation:
[14:23:25]   Raw: ρ = -0.907, p = 0.0000
[14:23:25]   TEP-corrected: ρ = -0.902, p = 0.0000
[14:23:25] 
⚠ Correlation did not strengthen
[14:23:25] ======================================================================
[14:23:25] TEST 5: Quenching Timescale
[14:23:25] ======================================================================
[14:23:25] Quenched galaxies (age_ratio > 0.3): N = 50
[14:23:25] 
Γ_t vs stellar age (quenched only):
[14:23:25]   ρ = 0.221, p = 0.1233
[14:23:25] ⚠ Quenching timescale prediction not confirmed
[14:23:25] ======================================================================
[14:23:25] TEST 6: Cosmic Variance Test
[14:23:25] ======================================================================
[14:23:25] NE: N = 187, mean age_ratio = 0.1699 (raw), 0.1796 (corr)
[14:23:25] NW: N = 970, mean age_ratio = 0.1628 (raw), 0.1763 (corr)
[14:23:25] SE: N = 970, mean age_ratio = 0.1567 (raw), 0.1662 (corr)
[14:23:25] SW: N = 188, mean age_ratio = 0.1671 (raw), 0.1773 (corr)
[14:23:25] 
Field-to-field variance:
[14:23:25]   Raw: σ = 0.0050
[14:23:25]   TEP-corrected: σ = 0.0051
[14:23:25]   Reduction: -2.9%
[14:23:25] ⚠ Cosmic variance increased after TEP correction
[14:23:25]    (This can indicate TEP was masking true field-to-field variations)
[14:23:25] 
[14:23:25] ======================================================================
[14:23:25] SUMMARY: Cosmological Implications Results
[14:23:25] ======================================================================
[14:23:25] ✓ formation_redshift: Confirmed
[14:23:25] ✓ stellar_mass_density: Confirmed
[14:23:25] ⚠ ssfr_floor: Not confirmed
[14:23:25] ⚠ age_metallicity: Not confirmed
[14:23:25] ⚠ quenching_timescale: Not confirmed
[14:23:25] ⚠ cosmic_variance: Not confirmed
[14:23:25] 
Tests passed: 2/6
[14:23:25] 
Results saved to: /Users/matthewsmawfield/www/Temporal Equivalence Principle/TEP-JWST/results/outputs/step_024_cosmological_implications.json
