[10:02:11]     ======================================================================
[10:02:11]     STEP 051: Temporal Coherence Test
[10:02:11]     ======================================================================
[10:02:11]     
The deepest test: Do multiple age indicators become coherent under TEP?

[10:02:11]     Loaded N = 2315 galaxies
[10:02:11]     
======================================================================
[10:02:11]     TEST 1: Age Indicator Correlation Matrix
[10:02:11]     ======================================================================
[10:02:11]     If TEP is correct, age indicators should correlate with t_eff.

[10:02:11]     Correlations with log(t_eff) at z > 7:
[10:02:11]       ρ(log t_eff, log_mwa) = 0.232 (p = 1.43e-07) ✓
[10:02:11]       ρ(log t_eff, dust) = -0.010 (p = 8.25e-01) 
[10:02:11]       ρ(log t_eff, burstiness) = -0.114 (p = 1.02e-02) 
[10:02:11]       ρ(log t_eff, met) = -0.026 (p = 5.60e-01) 
[10:02:11]       ρ(log t_eff, chi2) = -0.010 (p = 8.18e-01) 
[10:02:11]     
Significant correlations: 1/5
[10:02:11]     
======================================================================
[10:02:11]     TEST 2: Principal Component Analysis
[10:02:11]     ======================================================================
[10:02:11]     If age indicators are coherent, PC1 should capture most variance.

[10:02:11]     Variance explained by principal components:
[10:02:11]       PC1: 45.4%
[10:02:11]       PC2: 24.2%
[10:02:11]       PC3: 17.9%
[10:02:11]       PC4: 8.3%
[10:02:11]       PC5: 4.3%
[10:02:11]     
✓ COHERENCE: PC1 explains 45.4% of variance
[10:02:11]     
ρ(PC1, log Γ_t) = 0.233 (p = 1.26e-07)
[10:02:11]     
======================================================================
[10:02:11]     TEST 3: Dust-Age Consistency
[10:02:11]     ======================================================================
[10:02:11]     Dust requires ~300 Myr. Does t_eff predict dust better than t_cosmic?

[10:02:12]     ρ(t_cosmic, Dust) = -0.149 (p = 8.08e-04)
[10:02:12]     ρ(t_eff, Dust) = -0.010 (p = 8.25e-01)
[10:02:12]     Improvement: Δρ = 0.139
[10:02:12]     ✓ COHERENCE: t_eff predicts dust better than t_cosmic
[10:02:12]     
======================================================================
[10:02:12]     TEST 4: Age Ratio Consistency
[10:02:12]     ======================================================================
[10:02:12]     Under TEP, apparent_age / t_cosmic should correlate with Gamma_t.

[10:02:12]     ρ(Γ_t, age_ratio) at z > 7 = -0.203 (p = 4.49e-06)
[10:02:12]     
Scatter in age_ratio:
[10:02:12]       Apparent: σ = 0.078
[10:02:12]       TEP-corrected: σ = 0.115
[10:02:12]       Reduction: -47.5%
[10:02:12]     
======================================================================
[10:02:12]     TEST 5: Multi-Indicator Alignment
[10:02:12]     ======================================================================
[10:02:12]     Do galaxies that are 'old' by one indicator also appear 'old' by others?

[10:02:12]     ρ(Γ_t, n_old_indicators) = 0.239 (p = 5.82e-08)
[10:02:12]     
'Old' by all 3 indicators: N = 122, <Γ_t> = 0.585
[10:02:12]     'Old' by 0 indicators: N = 116, <Γ_t> = 0.550
[10:02:12]     Ratio: 1.06×
[10:02:12]     
======================================================================
[10:02:12]     TEST 6: The Ultimate Coherence Test
[10:02:12]     ======================================================================
[10:02:12]     Create a 'temporal anomaly score' from multiple indicators.
[10:02:12]     This score should correlate CLOSELY with Gamma_t if TEP is correct.

[10:02:12]     ρ(Γ_t, Temporal Score) = 0.271 (p = 6.49e-10)
[10:02:12]     
======================================================================
[10:02:12]     SUMMARY: Temporal Coherence Evidence
[10:02:12]     ======================================================================
[10:02:12]     
Coherence evidence items: 2
[10:02:12]       • pca_coherence: stat = 0.454
[10:02:12]       • dust_prediction: stat = 0.139
[10:02:12]     
Saved to /Users/matthewsmawfield/www/Temporal Equivalence Principle/TEP-JWST/results/outputs/step_051_temporal_coherence.json
